<?xml version="1.0" encoding="UTF-8" ?>
<testsuites name="vitest tests" tests="2215" failures="0" errors="0" time="15.574">
    <testsuite name="tests/unit/parseDesignTokens.test.ts" timestamp="2026-05-15T20:54:25.011Z" hostname="returndeMacBook-Pro.local" tests="10" failures="0" errors="0" skipped="0" time="0.002009333">
        <testcase classname="tests/unit/parseDesignTokens.test.ts" name="parseTokensFromContent &gt; extracts color tokens from YAML frontmatter" time="0.001079792">
        </testcase>
        <testcase classname="tests/unit/parseDesignTokens.test.ts" name="parseTokensFromContent &gt; extracts typography tokens including all three font families" time="0.000130916">
        </testcase>
        <testcase classname="tests/unit/parseDesignTokens.test.ts" name="parseTokensFromContent &gt; extracts rounded tokens" time="0.000105833">
        </testcase>
        <testcase classname="tests/unit/parseDesignTokens.test.ts" name="parseTokensFromContent &gt; extracts spacing tokens" time="0.0000945">
        </testcase>
        <testcase classname="tests/unit/parseDesignTokens.test.ts" name="parseTokensFromContent &gt; YAML wins over text section — text section hex values are not in tokens" time="0.000117667">
        </testcase>
        <testcase classname="tests/unit/parseDesignTokens.test.ts" name="parseTokensFromContent &gt; primary color comes from YAML, not from text-section editorial hint" time="0.000076667">
        </testcase>
        <testcase classname="tests/unit/parseDesignTokens.test.ts" name="parseTokensFromContent &gt; throws on missing opening ---" time="0.000059333">
        </testcase>
        <testcase classname="tests/unit/parseDesignTokens.test.ts" name="parseTokensFromContent &gt; throws on missing closing ---" time="0.00004175">
        </testcase>
        <testcase classname="tests/unit/parseDesignTokens.test.ts" name="parseTokensFromContent &gt; throws on corrupt YAML with line number in message" time="0.000231541">
        </testcase>
        <testcase classname="tests/unit/parseDesignTokens.test.ts" name="parseTokensFromContent &gt; returns empty objects for missing optional sections" time="0.000043417">
        </testcase>
    </testsuite>
    <testsuite name="tests/unit/admin/admin-audit-service.test.ts" timestamp="2026-05-15T20:54:25.012Z" hostname="returndeMacBook-Pro.local" tests="6" failures="0" errors="0" skipped="0" time="0.000416667">
        <testcase classname="tests/unit/admin/admin-audit-service.test.ts" name="logAdminAction &gt; creates a row in adminAuditLog" time="0.000104916">
        </testcase>
        <testcase classname="tests/unit/admin/admin-audit-service.test.ts" name="logAdminAction &gt; is idempotent — skips create when traceId+eventType already exists" time="0.000029375">
        </testcase>
        <testcase classname="tests/unit/admin/admin-audit-service.test.ts" name="logAdminAction &gt; redacts sensitive fields in payload before writing" time="0.000050875">
        </testcase>
        <testcase classname="tests/unit/admin/admin-audit-service.test.ts" name="logAdminAction &gt; handles DB write failure without throwing (logs to console.error)" time="0.000119042">
        </testcase>
        <testcase classname="tests/unit/admin/admin-audit-service.test.ts" name="logAdminAction &gt; sets correct eventCategory and eventType from input" time="0.000030208">
        </testcase>
        <testcase classname="tests/unit/admin/admin-audit-service.test.ts" name="logAdminAction &gt; generates payloadHash as non-empty SHA-256 string" time="0.000054542">
        </testcase>
    </testsuite>
    <testsuite name="tests/unit/admin/admin-constants.test.ts" timestamp="2026-05-15T20:54:25.013Z" hostname="returndeMacBook-Pro.local" tests="9" failures="0" errors="0" skipped="0" time="0.000229542">
        <testcase classname="tests/unit/admin/admin-constants.test.ts" name="ADMIN_ROLES &gt; contains super_admin, admin, readonly_admin" time="0.000048917">
        </testcase>
        <testcase classname="tests/unit/admin/admin-constants.test.ts" name="ADMIN_ROLES &gt; role hierarchy: super_admin &gt; admin &gt; readonly_admin" time="0.000023959">
        </testcase>
        <testcase classname="tests/unit/admin/admin-constants.test.ts" name="AUDIT_EVENT_CATEGORIES &gt; contains all required event categories" time="0.00002625">
        </testcase>
        <testcase classname="tests/unit/admin/admin-constants.test.ts" name="AUDIT_EVENT_TYPES &gt; contains admin_login and admin_logout" time="0.00001775">
        </testcase>
        <testcase classname="tests/unit/admin/admin-constants.test.ts" name="AUDIT_EVENT_TYPES &gt; contains high-risk action types" time="0.00002">
        </testcase>
        <testcase classname="tests/unit/admin/admin-constants.test.ts" name="session config constants (ADMIN §7.1) &gt; session TTL is 12h (43200000ms)" time="0.000014292">
        </testcase>
        <testcase classname="tests/unit/admin/admin-constants.test.ts" name="session config constants (ADMIN §7.1) &gt; idle timeout is 30min (1800000ms)" time="0.000013334">
        </testcase>
        <testcase classname="tests/unit/admin/admin-constants.test.ts" name="session config constants (ADMIN §7.1) &gt; MFA cache is 30 days" time="0.000013417">
        </testcase>
        <testcase classname="tests/unit/admin/admin-constants.test.ts" name="session config constants (ADMIN §7.1) &gt; TTL &gt; idle (session lives longer than idle window)" time="0.000013125">
        </testcase>
    </testsuite>
    <testsuite name="tests/unit/admin/admin-schema.test.ts" timestamp="2026-05-15T20:54:25.013Z" hostname="returndeMacBook-Pro.local" tests="12" failures="0" errors="0" skipped="0" time="0.028532375">
        <testcase classname="tests/unit/admin/admin-schema.test.ts" name="admin schema models exist and are writable &gt; admin_audit_log: can create record" time="0.008709833">
        </testcase>
        <testcase classname="tests/unit/admin/admin-schema.test.ts" name="admin schema models exist and are writable &gt; approval_requests: can create record" time="0.002803375">
        </testcase>
        <testcase classname="tests/unit/admin/admin-schema.test.ts" name="admin schema models exist and are writable &gt; admin_users: can create record" time="0.00068325">
        </testcase>
        <testcase classname="tests/unit/admin/admin-schema.test.ts" name="admin schema models exist and are writable &gt; admin_sessions: can create record (linked to admin_users)" time="0.002265417">
        </testcase>
        <testcase classname="tests/unit/admin/admin-schema.test.ts" name="admin schema models exist and are writable &gt; user_quota: can create record" time="0.0012195">
        </testcase>
        <testcase classname="tests/unit/admin/admin-schema.test.ts" name="admin schema models exist and are writable &gt; trending_review_queue: can create record" time="0.0007495">
        </testcase>
        <testcase classname="tests/unit/admin/admin-schema.test.ts" name="admin tables RLS DISABLED verification &gt; admin_audit_log: relrowsecurity = false (RLS DISABLED)" time="0.000968542">
        </testcase>
        <testcase classname="tests/unit/admin/admin-schema.test.ts" name="admin tables RLS DISABLED verification &gt; approval_requests: relrowsecurity = false (RLS DISABLED)" time="0.000260834">
        </testcase>
        <testcase classname="tests/unit/admin/admin-schema.test.ts" name="admin tables RLS DISABLED verification &gt; admin_users: relrowsecurity = false (RLS DISABLED)" time="0.000201292">
        </testcase>
        <testcase classname="tests/unit/admin/admin-schema.test.ts" name="admin tables RLS DISABLED verification &gt; admin_sessions: relrowsecurity = false (RLS DISABLED)" time="0.000226792">
        </testcase>
        <testcase classname="tests/unit/admin/admin-schema.test.ts" name="admin tables RLS DISABLED verification &gt; user_quota: relrowsecurity = false (RLS DISABLED)" time="0.000174625">
        </testcase>
        <testcase classname="tests/unit/admin/admin-schema.test.ts" name="admin tables RLS DISABLED verification &gt; trending_review_queue: relrowsecurity = false (RLS DISABLED)" time="0.000165917">
        </testcase>
    </testsuite>
    <testsuite name="tests/unit/admin/adminRLS.test.ts" timestamp="2026-05-15T20:54:25.013Z" hostname="returndeMacBook-Pro.local" tests="8" failures="0" errors="0" skipped="0" time="0.000563542">
        <testcase classname="tests/unit/admin/adminRLS.test.ts" name="adminRLSMiddleware &gt; calls $transaction on ctx.prisma" time="0.000141542">
        </testcase>
        <testcase classname="tests/unit/admin/adminRLS.test.ts" name="adminRLSMiddleware &gt; calls $executeRawUnsafe with set_config admin SQL inside transaction" time="0.000065292">
        </testcase>
        <testcase classname="tests/unit/admin/adminRLS.test.ts" name="adminRLSMiddleware &gt; set_config SQL has true as 3rd argument (is_local=true / transaction-scoped)" time="0.000078916">
        </testcase>
        <testcase classname="tests/unit/admin/adminRLS.test.ts" name="adminRLSMiddleware &gt; injects ctx.adminPrisma = transaction client" time="0.000046875">
        </testcase>
        <testcase classname="tests/unit/admin/adminRLS.test.ts" name="adminRLSMiddleware &gt; sets ctx.crossAccountAccessed = true" time="0.000038541">
        </testcase>
        <testcase classname="tests/unit/admin/adminRLS.test.ts" name="adminRLSMiddleware &gt; original ctx properties are preserved in the new ctx passed to next()" time="0.000037708">
        </testcase>
        <testcase classname="tests/unit/admin/adminRLS.test.ts" name="adminRLSMiddleware &gt; propagates error from next() (transaction would auto-rollback)" time="0.000083375">
        </testcase>
        <testcase classname="tests/unit/admin/adminRLS.test.ts" name="adminRLSMiddleware &gt; $executeRawUnsafe is called before next()" time="0.000047875">
        </testcase>
    </testsuite>
    <testsuite name="tests/unit/admin/approvalGateCheck.test.ts" timestamp="2026-05-15T20:54:25.014Z" hostname="returndeMacBook-Pro.local" tests="5" failures="0" errors="0" skipped="0" time="0.002738791">
        <testcase classname="tests/unit/admin/approvalGateCheck.test.ts" name="approvalGateCheckMiddleware &gt; passes through when meta.requiresApproval is undefined" time="0.000111167">
        </testcase>
        <testcase classname="tests/unit/admin/approvalGateCheck.test.ts" name="approvalGateCheckMiddleware &gt; passes through when meta.requiresApproval is false" time="0.000043291">
        </testcase>
        <testcase classname="tests/unit/admin/approvalGateCheck.test.ts" name="approvalGateCheckMiddleware &gt; throws NOT_IMPLEMENTED when meta.requiresApproval is true" time="0.001733042">
        </testcase>
        <testcase classname="tests/unit/admin/approvalGateCheck.test.ts" name="approvalGateCheckMiddleware &gt; error message contains PRD-13 真闭环" time="0.00038575">
        </testcase>
        <testcase classname="tests/unit/admin/approvalGateCheck.test.ts" name="approvalGateCheckMiddleware &gt; error cause contains actionType + riskLevel" time="0.000438625">
        </testcase>
    </testsuite>
    <testsuite name="tests/unit/admin/audit-drawer.test.tsx" timestamp="2026-05-15T20:54:25.014Z" hostname="returndeMacBook-Pro.local" tests="6" failures="0" errors="0" skipped="0" time="0.013275667">
        <testcase classname="tests/unit/admin/audit-drawer.test.tsx" name="AuditDrawer &gt; does not render when open=false" time="0.000259458">
        </testcase>
        <testcase classname="tests/unit/admin/audit-drawer.test.tsx" name="AuditDrawer &gt; renders drawer when open=true" time="0.0003995">
        </testcase>
        <testcase classname="tests/unit/admin/audit-drawer.test.tsx" name="AuditDrawer &gt; shows empty state when there are no rows" time="0.000331166">
        </testcase>
        <testcase classname="tests/unit/admin/audit-drawer.test.tsx" name="AuditDrawer &gt; renders audit rows when data is provided" time="0.00044575">
        </testcase>
        <testcase classname="tests/unit/admin/audit-drawer.test.tsx" name="AuditDrawer &gt; calls onClose when close button is clicked" time="0.007075417">
        </testcase>
        <testcase classname="tests/unit/admin/audit-drawer.test.tsx" name="AuditDrawer &gt; calls onClose when ESC key is pressed" time="0.004725541">
        </testcase>
    </testsuite>
    <testsuite name="tests/unit/admin/auditLog-middleware.test.ts" timestamp="2026-05-15T20:54:25.014Z" hostname="returndeMacBook-Pro.local" tests="10" failures="0" errors="0" skipped="0" time="0.000924167">
        <testcase classname="tests/unit/admin/auditLog-middleware.test.ts" name="auditLogMiddleware — cross_account_query branch &gt; writes cross_account_query when crossAccountAccessed=true" time="0.000189">
        </testcase>
        <testcase classname="tests/unit/admin/auditLog-middleware.test.ts" name="auditLogMiddleware — cross_account_query branch &gt; does NOT write audit when crossAccountAccessed=false" time="0.000051">
        </testcase>
        <testcase classname="tests/unit/admin/auditLog-middleware.test.ts" name="auditLogMiddleware — cross_account_query branch &gt; does NOT write audit when activeAdminUser is null" time="0.000036583">
        </testcase>
        <testcase classname="tests/unit/admin/auditLog-middleware.test.ts" name="auditLogMiddleware — cross_account_query branch &gt; passes through result from next()" time="0.000049834">
        </testcase>
        <testcase classname="tests/unit/admin/auditLog-middleware.test.ts" name="auditLogMiddleware — cross_account_query branch &gt; rethrows error from next() after writing audit" time="0.000096417">
        </testcase>
        <testcase classname="tests/unit/admin/auditLog-middleware.test.ts" name="auditLogMiddleware — cross_account_query branch &gt; audit write failure does not block business operation" time="0.000286292">
            <system-err>
[ADMIN AUDIT WRITE FAILED] Error: audit DB down
    at /Users/return/Desktop/QuanQn/tests/unit/admin/auditLog-middleware.test.ts:92:42
    at file:///Users/return/Desktop/QuanQn/node_modules/.pnpm/@vitest+runner@2.1.9/node_modules/@vitest/runner/dist/index.js:146:14
    at file:///Users/return/Desktop/QuanQn/node_modules/.pnpm/@vitest+runner@2.1.9/node_modules/@vitest/runner/dist/index.js:533:11
    at runWithTimeout (file:///Users/return/Desktop/QuanQn/node_modules/.pnpm/@vitest+runner@2.1.9/node_modules/@vitest/runner/dist/index.js:39:7)
    at runTest (file:///Users/return/Desktop/QuanQn/node_modules/.pnpm/@vitest+runner@2.1.9/node_modules/@vitest/runner/dist/index.js:1056:17)
    at processTicksAndRejections (node:internal/process/task_queues:104:5)
    at runSuite (file:///Users/return/Desktop/QuanQn/node_modules/.pnpm/@vitest+runner@2.1.9/node_modules/@vitest/runner/dist/index.js:1205:15)
    at runSuite (file:///Users/return/Desktop/QuanQn/node_modules/.pnpm/@vitest+runner@2.1.9/node_modules/@vitest/runner/dist/index.js:1205:15)
    at runFiles (file:///Users/return/Desktop/QuanQn/node_modules/.pnpm/@vitest+runner@2.1.9/node_modules/@vitest/runner/dist/index.js:1262:5)
    at startTests (file:///Users/return/Desktop/QuanQn/node_modules/.pnpm/@vitest+runner@2.1.9/node_modules/@vitest/runner/dist/index.js:1271:3)

            </system-err>
        </testcase>
        <testcase classname="tests/unit/admin/auditLog-middleware.test.ts" name="auditLogMiddleware — cross_account_query branch &gt; includes latencyMs in audit payload" time="0.000082042">
        </testcase>
        <testcase classname="tests/unit/admin/auditLog-middleware.test.ts" name="auditLogMiddleware — cross_account_query branch &gt; reads ip from x-forwarded-for header" time="0.000031958">
        </testcase>
        <testcase classname="tests/unit/admin/auditLog-middleware.test.ts" name="auditLogMiddleware — cross_account_query branch &gt; reads userAgent from user-agent header" time="0.000031291">
        </testcase>
        <testcase classname="tests/unit/admin/auditLog-middleware.test.ts" name="auditLogMiddleware — cross_account_query branch &gt; uses ctx.traceId and ctx.activeAdminUser fields" time="0.000039875">
        </testcase>
    </testsuite>
    <testsuite name="tests/unit/admin/auth-lucia.test.ts" timestamp="2026-05-15T20:54:25.015Z" hostname="returndeMacBook-Pro.local" tests="17" failures="0" errors="0" skipped="0" time="0.005198458">
        <testcase classname="tests/unit/admin/auth-lucia.test.ts" name="luciaAdmin instance &gt; sessionCookieName is admin_session_id" time="0.00003675">
        </testcase>
        <testcase classname="tests/unit/admin/auth-lucia.test.ts" name="luciaAdmin instance &gt; readSessionCookie parses admin_session_id cookie" time="0.000050583">
        </testcase>
        <testcase classname="tests/unit/admin/auth-lucia.test.ts" name="admin Prisma adapter &gt; getSessionAndUser returns [null, null] when session not found" time="0.0010705">
        </testcase>
        <testcase classname="tests/unit/admin/auth-lucia.test.ts" name="admin Prisma adapter &gt; getSessionAndUser returns [null, null] when session isActive=false" time="0.00037725">
        </testcase>
        <testcase classname="tests/unit/admin/auth-lucia.test.ts" name="admin Prisma adapter &gt; validateAdminSession returns user when session is active + redis alive" time="0.0003415">
        </testcase>
        <testcase classname="tests/unit/admin/auth-lucia.test.ts" name="admin Prisma adapter &gt; validateAdminSession returns null when Redis idle key expired" time="0.000278125">
        </testcase>
        <testcase classname="tests/unit/admin/auth-lucia.test.ts" name="admin Redis idle key helpers &gt; createAdminIdleKey sets admin:session: prefixed key" time="0.0002765">
        </testcase>
        <testcase classname="tests/unit/admin/auth-lucia.test.ts" name="admin Redis idle key helpers &gt; touchAdminIdleKey returns true when key exists" time="0.000254042">
        </testcase>
        <testcase classname="tests/unit/admin/auth-lucia.test.ts" name="admin Redis idle key helpers &gt; touchAdminIdleKey returns false when key is gone" time="0.000243042">
        </testcase>
        <testcase classname="tests/unit/admin/auth-lucia.test.ts" name="admin Redis idle key helpers &gt; deleteAdminIdleKey removes the key" time="0.000261416">
        </testcase>
        <testcase classname="tests/unit/admin/auth-lucia.test.ts" name="admin OAuth factory &gt; OAUTH_PROVIDER=mock returns mockOAuthCallback" time="0.000396583">
        </testcase>
        <testcase classname="tests/unit/admin/auth-lucia.test.ts" name="admin OAuth factory &gt; OAUTH_PROVIDER=google returns google stub function" time="0.000284667">
        </testcase>
        <testcase classname="tests/unit/admin/auth-lucia.test.ts" name="admin OAuth factory &gt; unknown OAUTH_PROVIDER throws config error" time="0.00036675">
        </testcase>
        <testcase classname="tests/unit/admin/auth-lucia.test.ts" name="admin OAuth factory &gt; validateAdminStartupConfig throws when NODE_ENV=production + OAUTH_PROVIDER=mock" time="0.000329792">
        </testcase>
        <testcase classname="tests/unit/admin/auth-lucia.test.ts" name="mockOAuthCallback &gt; throws user_not_found when user does not exist" time="0.000284625">
        </testcase>
        <testcase classname="tests/unit/admin/auth-lucia.test.ts" name="mockOAuthCallback &gt; throws user_inactive when user.isActive=false" time="0.000244542">
        </testcase>
        <testcase classname="tests/unit/admin/auth-lucia.test.ts" name="googleWorkspaceOAuthStub &gt; throws PRR config error" time="0.000038166">
        </testcase>
    </testsuite>
    <testsuite name="tests/unit/admin/auth-router.test.ts" timestamp="2026-05-15T20:54:25.016Z" hostname="returndeMacBook-Pro.local" tests="8" failures="0" errors="0" skipped="0" time="0.003750958">
        <testcase classname="tests/unit/admin/auth-router.test.ts" name="admin auth router — login &gt; login happy path: returns sessionId + user, sets cookie" time="0.002007958">
        </testcase>
        <testcase classname="tests/unit/admin/auth-router.test.ts" name="admin auth router — login &gt; login: user_not_found → NOT_FOUND error + audit log written" time="0.000675042">
        </testcase>
        <testcase classname="tests/unit/admin/auth-router.test.ts" name="admin auth router — login &gt; login: user_inactive → FORBIDDEN error + audit log written" time="0.000427625">
        </testcase>
        <testcase classname="tests/unit/admin/auth-router.test.ts" name="admin auth router — login &gt; login: OAUTH_PROVIDER=google → google stub throws → INTERNAL_SERVER_ERROR + audit log written" time="0.000362292">
        </testcase>
        <testcase classname="tests/unit/admin/auth-router.test.ts" name="admin auth router — logout &gt; logout with valid session: invalidates + clears cookie" time="0.000095083">
        </testcase>
        <testcase classname="tests/unit/admin/auth-router.test.ts" name="admin auth router — logout &gt; logout without session: still returns ok + clears cookie" time="0.000032125">
        </testcase>
        <testcase classname="tests/unit/admin/auth-router.test.ts" name="admin auth router — me &gt; me: authenticated context returns user" time="0.000045167">
        </testcase>
        <testcase classname="tests/unit/admin/auth-router.test.ts" name="admin auth router — me &gt; me: unauthenticated throws UNAUTHORIZED" time="0.00006325">
        </testcase>
    </testsuite>
    <testsuite name="tests/unit/admin/ipWhitelist.test.ts" timestamp="2026-05-15T20:54:25.016Z" hostname="returndeMacBook-Pro.local" tests="6" failures="0" errors="0" skipped="0" time="0.001199333">
        <testcase classname="tests/unit/admin/ipWhitelist.test.ts" name="ipWhitelistMiddleware &gt; passes through when ADMIN_IP_WHITELIST_ENABLED is not set" time="0.000129291">
        </testcase>
        <testcase classname="tests/unit/admin/ipWhitelist.test.ts" name="ipWhitelistMiddleware &gt; passes when ENABLED=true and IP matches CIDR" time="0.0006055">
        </testcase>
        <testcase classname="tests/unit/admin/ipWhitelist.test.ts" name="ipWhitelistMiddleware &gt; throws FORBIDDEN when ENABLED=true and IP does not match" time="0.000253">
        </testcase>
        <testcase classname="tests/unit/admin/ipWhitelist.test.ts" name="ipWhitelistMiddleware &gt; passes when IP matches one of multiple CIDRs" time="0.000061042">
        </testcase>
        <testcase classname="tests/unit/admin/ipWhitelist.test.ts" name="ipWhitelistMiddleware &gt; skips invalid CIDR entries and still throws when no valid CIDR matches" time="0.000074708">
        </testcase>
        <testcase classname="tests/unit/admin/ipWhitelist.test.ts" name="ipWhitelistMiddleware &gt; throws FORBIDDEN when ENABLED=true but CIDRS list is empty" time="0.000048917">
        </testcase>
    </testsuite>
    <testsuite name="tests/unit/admin/layout.test.tsx" timestamp="2026-05-15T20:54:25.016Z" hostname="returndeMacBook-Pro.local" tests="6" failures="0" errors="0" skipped="0" time="0.024969167">
        <testcase classname="tests/unit/admin/layout.test.tsx" name="AdminLayout &gt; renders the admin-layout grid container" time="0.002103042">
        </testcase>
        <testcase classname="tests/unit/admin/layout.test.tsx" name="AdminLayout &gt; renders TopBar with brand and role badge" time="0.001809375">
        </testcase>
        <testcase classname="tests/unit/admin/layout.test.tsx" name="AdminLayout &gt; renders Sidebar with 17 navigation links" time="0.001472125">
        </testcase>
        <testcase classname="tests/unit/admin/layout.test.tsx" name="AdminLayout &gt; clicking 🔔 opens AuditDrawer" time="0.008648625">
        </testcase>
        <testcase classname="tests/unit/admin/layout.test.tsx" name="AdminLayout &gt; clicking logout dropdown button triggers logout" time="0.009355583">
        </testcase>
        <testcase classname="tests/unit/admin/layout.test.tsx" name="AdminLayout &gt; renders StatusBar with status fields" time="0.00152275">
        </testcase>
    </testsuite>
    <testsuite name="tests/unit/admin/mfaCheck.test.ts" timestamp="2026-05-15T20:54:25.016Z" hostname="returndeMacBook-Pro.local" tests="6" failures="0" errors="0" skipped="0" time="0.0003145">
        <testcase classname="tests/unit/admin/mfaCheck.test.ts" name="mfaCheckMiddleware &gt; passes through when ADMIN_MFA_REQUIRED is not set" time="0.000090459">
        </testcase>
        <testcase classname="tests/unit/admin/mfaCheck.test.ts" name="mfaCheckMiddleware &gt; passes through when ENABLED=true but role is admin (not super_admin)" time="0.000035416">
        </testcase>
        <testcase classname="tests/unit/admin/mfaCheck.test.ts" name="mfaCheckMiddleware &gt; passes through when ENABLED=true but role is readonly_admin" time="0.000026792">
        </testcase>
        <testcase classname="tests/unit/admin/mfaCheck.test.ts" name="mfaCheckMiddleware &gt; passes when ENABLED=true + super_admin + mfaVerifiedAt is fresh (&lt; 30d)" time="0.000026292">
        </testcase>
        <testcase classname="tests/unit/admin/mfaCheck.test.ts" name="mfaCheckMiddleware &gt; throws PRECONDITION_FAILED when ENABLED=true + super_admin + mfaVerifiedAt is stale (&gt; 30d)" time="0.000070833">
        </testcase>
        <testcase classname="tests/unit/admin/mfaCheck.test.ts" name="mfaCheckMiddleware &gt; throws PRECONDITION_FAILED when ENABLED=true + super_admin + mfaVerifiedAt is null" time="0.000038459">
        </testcase>
    </testsuite>
    <testsuite name="tests/unit/admin/middleware-stubs.test.ts" timestamp="2026-05-15T20:54:25.017Z" hostname="returndeMacBook-Pro.local" tests="5" failures="0" errors="0" skipped="0" time="0.000181916">
        <testcase classname="tests/unit/admin/middleware-stubs.test.ts" name="admin middleware default pass-through (no triggering conditions) &gt; roleCheck passes through when meta.requiredRole is absent" time="0.000058917">
        </testcase>
        <testcase classname="tests/unit/admin/middleware-stubs.test.ts" name="admin middleware default pass-through (no triggering conditions) &gt; ipWhitelist passes through when ADMIN_IP_WHITELIST_ENABLED is not set" time="0.000028166">
        </testcase>
        <testcase classname="tests/unit/admin/middleware-stubs.test.ts" name="admin middleware default pass-through (no triggering conditions) &gt; mfaCheck passes through when ADMIN_MFA_REQUIRED is not set" time="0.000024083">
        </testcase>
        <testcase classname="tests/unit/admin/middleware-stubs.test.ts" name="admin middleware default pass-through (no triggering conditions) &gt; approvalGateCheck passes through when meta.requiresApproval is absent" time="0.000020875">
        </testcase>
        <testcase classname="tests/unit/admin/middleware-stubs.test.ts" name="admin middleware default pass-through (no triggering conditions) &gt; auditLog stub calls next()" time="0.000029791">
        </testcase>
    </testsuite>
    <testsuite name="tests/unit/admin/procedures-admin.test.ts" timestamp="2026-05-15T20:54:25.017Z" hostname="returndeMacBook-Pro.local" tests="1" failures="0" errors="0" skipped="0" time="0.000116417">
        <testcase classname="tests/unit/admin/procedures-admin.test.ts" name="adminProcedure 6-gate order hard constraint &gt; contains all 7 middleware in the correct gate order" time="0.000097333">
        </testcase>
    </testsuite>
    <testsuite name="tests/unit/admin/roleCheck.test.ts" timestamp="2026-05-15T20:54:25.017Z" hostname="returndeMacBook-Pro.local" tests="6" failures="0" errors="0" skipped="0" time="0.000255334">
        <testcase classname="tests/unit/admin/roleCheck.test.ts" name="roleCheckMiddleware &gt; passes through when no requiredRole in meta" time="0.000052583">
        </testcase>
        <testcase classname="tests/unit/admin/roleCheck.test.ts" name="roleCheckMiddleware &gt; super_admin (3) passes requiredRole=super_admin" time="0.000026416">
        </testcase>
        <testcase classname="tests/unit/admin/roleCheck.test.ts" name="roleCheckMiddleware &gt; super_admin (3) passes requiredRole=admin" time="0.000022042">
        </testcase>
        <testcase classname="tests/unit/admin/roleCheck.test.ts" name="roleCheckMiddleware &gt; admin (2) fails requiredRole=super_admin → FORBIDDEN" time="0.000066875">
        </testcase>
        <testcase classname="tests/unit/admin/roleCheck.test.ts" name="roleCheckMiddleware &gt; readonly_admin (1) fails requiredRole=admin → FORBIDDEN" time="0.000033916">
        </testcase>
        <testcase classname="tests/unit/admin/roleCheck.test.ts" name="roleCheckMiddleware &gt; ADMIN_ROLE_HIERARCHY has correct ordering" time="0.000034708">
        </testcase>
    </testsuite>
    <testsuite name="tests/unit/admin/sidebar.test.tsx" timestamp="2026-05-15T20:54:25.017Z" hostname="returndeMacBook-Pro.local" tests="6" failures="0" errors="0" skipped="0" time="0.010476375">
        <testcase classname="tests/unit/admin/sidebar.test.tsx" name="Sidebar &gt; renders exactly 17 domain links" time="0.003068375">
        </testcase>
        <testcase classname="tests/unit/admin/sidebar.test.tsx" name="Sidebar &gt; renders 4 group labels" time="0.001327333">
        </testcase>
        <testcase classname="tests/unit/admin/sidebar.test.tsx" name="Sidebar &gt; NSM link has active class when pathname is /admin/nsm" time="0.003010708">
        </testcase>
        <testcase classname="tests/unit/admin/sidebar.test.tsx" name="Sidebar &gt; non-active links do NOT have active class" time="0.002865292">
        </testcase>
        <testcase classname="tests/unit/admin/sidebar.test.tsx" name="Sidebar &gt; P0 core group contains 6 routes" time="0.000089583">
        </testcase>
        <testcase classname="tests/unit/admin/sidebar.test.tsx" name="Sidebar &gt; all 4 groups have correct counts: 6 + 2 + 5 + 4" time="0.0000685">
        </testcase>
    </testsuite>
    <testsuite name="tests/unit/agents/base.test.ts" timestamp="2026-05-15T20:54:25.017Z" hostname="returndeMacBook-Pro.local" tests="7" failures="0" errors="0" skipped="0" time="0.000731375">
        <testcase classname="tests/unit/agents/base.test.ts" name="BaseSpecialist abstract contract &gt; concrete subclass implements execute and can be instantiated" time="0.000464375">
        </testcase>
        <testcase classname="tests/unit/agents/base.test.ts" name="LLMGateway.selectTier &gt; returns reasoning for reasoning hint" time="0.000030958">
        </testcase>
        <testcase classname="tests/unit/agents/base.test.ts" name="LLMGateway.selectTier &gt; returns lightweight for lightweight hint" time="0.000015541">
        </testcase>
        <testcase classname="tests/unit/agents/base.test.ts" name="trace_id propagation &gt; extractTraceId returns the X-Trace-Id header value" time="0.000042">
        </testcase>
        <testcase classname="tests/unit/agents/base.test.ts" name="trace_id propagation &gt; extractTraceId returns empty string when header absent" time="0.000021833">
        </testcase>
        <testcase classname="tests/unit/agents/base.test.ts" name="trace_id propagation &gt; generateHttpTraceId returns a 16-char hex string" time="0.000056292">
        </testcase>
        <testcase classname="tests/unit/agents/base.test.ts" name="trace_id propagation &gt; generateHttpTraceId is unique per call" time="0.000056708">
        </testcase>
    </testsuite>
    <testsuite name="tests/unit/api/account-isolation.test.ts" timestamp="2026-05-15T20:54:25.018Z" hostname="returndeMacBook-Pro.local" tests="9" failures="0" errors="0" skipped="0" time="0.00059975">
        <testcase classname="tests/unit/api/account-isolation.test.ts" name="accountIsolationMiddleware &gt; AC-4: throws FORBIDDEN when activeAccountId is null" time="0.000170208">
        </testcase>
        <testcase classname="tests/unit/api/account-isolation.test.ts" name="accountIsolationMiddleware &gt; AC-4: calls next=false (does not proceed) when activeAccountId missing" time="0.000082209">
        </testcase>
        <testcase classname="tests/unit/api/account-isolation.test.ts" name="accountIsolationMiddleware &gt; AC-5: skips RLS and calls next when meta.isGlobal=true" time="0.000046958">
        </testcase>
        <testcase classname="tests/unit/api/account-isolation.test.ts" name="accountIsolationMiddleware &gt; AC-5: isGlobal skips even when activeAccountId is present" time="0.00003175">
        </testcase>
        <testcase classname="tests/unit/api/account-isolation.test.ts" name="accountIsolationMiddleware &gt; AC-2: sets app.current_account_id via set_config for valid context" time="0.000089042">
        </testcase>
        <testcase classname="tests/unit/api/account-isolation.test.ts" name="accountIsolationMiddleware &gt; AC-2: sets app.current_user_id when user.id is present" time="0.000045917">
        </testcase>
        <testcase classname="tests/unit/api/account-isolation.test.ts" name="accountIsolationMiddleware &gt; AC-2: skips app.current_user_id when user is null" time="0.000035708">
        </testcase>
        <testcase classname="tests/unit/api/account-isolation.test.ts" name="accountIsolationMiddleware &gt; AC-2: calls next with updated ctx including transaction prisma" time="0.000045416">
        </testcase>
        <testcase classname="tests/unit/api/account-isolation.test.ts" name="accountIsolationMiddleware &gt; AC-2: wraps resolver in $transaction (ensures set_config is LOCAL)" time="0.000030042">
        </testcase>
    </testsuite>
    <testsuite name="tests/unit/api/account-step-auth.test.ts" timestamp="2026-05-15T20:54:25.018Z" hostname="returndeMacBook-Pro.local" tests="15" failures="0" errors="0" skipped="0" time="0.00184225">
        <testcase classname="tests/unit/api/account-step-auth.test.ts" name="ipAccounts.active &gt; returns null when no account found" time="0.00023625">
        </testcase>
        <testcase classname="tests/unit/api/account-step-auth.test.ts" name="ipAccounts.active &gt; returns account data when found" time="0.00010275">
        </testcase>
        <testcase classname="tests/unit/api/account-step-auth.test.ts" name="ipAccounts.active &gt; queries with activeAccountId from ctx" time="0.000151041">
        </testcase>
        <testcase classname="tests/unit/api/account-step-auth.test.ts" name="ipAccounts.switchActive &gt; updates user.activeAccountId and writes audit_log" time="0.000147166">
        </testcase>
        <testcase classname="tests/unit/api/account-step-auth.test.ts" name="ipAccounts.switchActive &gt; throws NOT_FOUND when account does not belong to user" time="0.000114875">
        </testcase>
        <testcase classname="tests/unit/api/account-step-auth.test.ts" name="ipAccounts.switchActive &gt; throws UNAUTHORIZED when no user in ctx" time="0.000089125">
        </testcase>
        <testcase classname="tests/unit/api/account-step-auth.test.ts" name="ipAccounts.switchActive &gt; zod: rejects non-positive accountId" time="0.000155208">
        </testcase>
        <testcase classname="tests/unit/api/account-step-auth.test.ts" name="ipAccounts.switchActive &gt; zod: rejects non-integer accountId" time="0.000090584">
        </testcase>
        <testcase classname="tests/unit/api/account-step-auth.test.ts" name="stepData.save &gt; upserts step data and returns { ok: true, data }" time="0.000161042">
        </testcase>
        <testcase classname="tests/unit/api/account-step-auth.test.ts" name="stepData.save &gt; passes traceId from ctx to upsert" time="0.000083292">
        </testcase>
        <testcase classname="tests/unit/api/account-step-auth.test.ts" name="stepData.save &gt; zod: rejects empty stepKey" time="0.000096375">
        </testcase>
        <testcase classname="tests/unit/api/account-step-auth.test.ts" name="stepData.save &gt; zod: accepts empty inputs object" time="0.000076417">
        </testcase>
        <testcase classname="tests/unit/api/account-step-auth.test.ts" name="auth.me &gt; returns unauthenticated stub when no user in ctx" time="0.000093958">
        </testcase>
        <testcase classname="tests/unit/api/account-step-auth.test.ts" name="auth.me &gt; returns user info when authenticated" time="0.00007275">
        </testcase>
        <testcase classname="tests/unit/api/account-step-auth.test.ts" name="auth.me &gt; exposes only id, email, name (not password or session data)" time="0.000112875">
        </testcase>
    </testsuite>
    <testsuite name="tests/unit/api/acquisition-video-router.test.ts" timestamp="2026-05-15T20:54:25.019Z" hostname="returndeMacBook-Pro.local" tests="7" failures="0" errors="0" skipped="0" time="0.002695958">
        <testcase classname="tests/unit/api/acquisition-video-router.test.ts" name="acquisitionVideo.generate — happy path &gt; calls VideoAgent(mode=acquisition), writes history agentMode=acquisition, ctaScript contains CTA keyword" time="0.001254333">
        </testcase>
        <testcase classname="tests/unit/api/acquisition-video-router.test.ts" name="acquisitionVideo.generate — zod validation &gt; conversionGoal 留空 → BAD_REQUEST (转化目标必填)" time="0.000360292">
        </testcase>
        <testcase classname="tests/unit/api/acquisition-video-router.test.ts" name="acquisitionVideo.generate — zod validation &gt; sourceCopy 长度 10 (min boundary) → pass" time="0.000218875">
        </testcase>
        <testcase classname="tests/unit/api/acquisition-video-router.test.ts" name="acquisitionVideo.generate — zod validation &gt; sourceCopy 长度 3000 (max boundary) → pass" time="0.000203375">
        </testcase>
        <testcase classname="tests/unit/api/acquisition-video-router.test.ts" name="acquisitionVideo.generate — zod validation &gt; sourceCopy 长度 3001 → BAD_REQUEST" time="0.000207666">
        </testcase>
        <testcase classname="tests/unit/api/acquisition-video-router.test.ts" name="acquisitionVideo.generate — fallback path (Specialist internal error) &gt; agent returns isFallback=true → history written with isFallback=true" time="0.000204667">
        </testcase>
        <testcase classname="tests/unit/api/acquisition-video-router.test.ts" name="acquisitionVideo.generate — cross-account RLS isolation &gt; findFirst returns null (accountId mismatch blocked by RLS) → INTERNAL_SERVER_ERROR" time="0.000207334">
        </testcase>
    </testsuite>
    <testsuite name="tests/unit/api/ai-video-router.test.ts" timestamp="2026-05-15T20:54:25.019Z" hostname="returndeMacBook-Pro.local" tests="10" failures="0" errors="0" skipped="0" time="0.002834">
        <testcase classname="tests/unit/api/ai-video-router.test.ts" name="aiVideo.generateStoryboard — happy path (5 scenes) &gt; returns historyId, jobIds(length=5), scenesPlaceholder(length=5) · history scenes 5 all sceneImageUrl=null" time="0.001011125">
        </testcase>
        <testcase classname="tests/unit/api/ai-video-router.test.ts" name="aiVideo.generateStoryboard — rate limit &gt; 11th call throws TOO_MANY_REQUESTS (AC-4)" time="0.000255541">
        </testcase>
        <testcase classname="tests/unit/api/ai-video-router.test.ts" name="aiVideo.generateStoryboard — zod validation &gt; scenesCount=9 → BAD_REQUEST (镜头数应在 5-8 之间)" time="0.0002015">
        </testcase>
        <testcase classname="tests/unit/api/ai-video-router.test.ts" name="aiVideo.generateStoryboard — zod validation &gt; scenesCount=4 → BAD_REQUEST (镜头数应在 5-8 之间)" time="0.000161458">
        </testcase>
        <testcase classname="tests/unit/api/ai-video-router.test.ts" name="aiVideo.generateStoryboard — zod validation &gt; scenesCount=5 → pass (AC-11 boundary)" time="0.000179334">
        </testcase>
        <testcase classname="tests/unit/api/ai-video-router.test.ts" name="aiVideo.generateStoryboard — zod validation &gt; scenesCount=8 → pass (AC-11 boundary)" time="0.000180166">
        </testcase>
        <testcase classname="tests/unit/api/ai-video-router.test.ts" name="aiVideo.generateStoryboard — isFallback=true (agent post-validate retry) &gt; agent isFallback=true (Chinese in imagePromptEn triggered fallback) → router still creates history + queues jobs" time="0.000203166">
        </testcase>
        <testcase classname="tests/unit/api/ai-video-router.test.ts" name="aiVideo.generateStoryboard — cross-account RLS isolation &gt; findFirst null (accountId mismatch blocked by RLS) → INTERNAL_SERVER_ERROR" time="0.00016225">
        </testcase>
        <testcase classname="tests/unit/api/ai-video-router.test.ts" name="aiVideo.jobStatus — returns correct status counts &gt; returns total=5 completed=3 pending=1 failed=1 from stored scenes" time="0.000261625">
        </testcase>
        <testcase classname="tests/unit/api/ai-video-router.test.ts" name="aiVideo.jobStatus — returns correct status counts &gt; NOT_FOUND when historyId does not belong to account" time="0.000148584">
        </testcase>
    </testsuite>
    <testsuite name="tests/unit/api/analysis-router.test.ts" timestamp="2026-05-15T20:54:25.019Z" hostname="returndeMacBook-Pro.local" tests="4" failures="0" errors="0" skipped="0" time="0.002682792">
        <testcase classname="tests/unit/api/analysis-router.test.ts" name="analysis.analyze — happy path &gt; calls AnalysisAgent(mode=structural), writes history with contentType=json + full fields" time="0.001599042">
        </testcase>
        <testcase classname="tests/unit/api/analysis-router.test.ts" name="analysis.analyze — zod validation &gt; copy &lt; 10 字 (empty string) → TRPCError BAD_REQUEST" time="0.00043525">
        </testcase>
        <testcase classname="tests/unit/api/analysis-router.test.ts" name="analysis.analyze — fallback path &gt; agent returns isFallback=true (SchemaValidationError caught internally) → history written isFallback=true" time="0.000318458">
        </testcase>
        <testcase classname="tests/unit/api/analysis-router.test.ts" name="analysis.analyze — agentMode field &gt; agentMode=&quot;structural&quot; is always written to history regardless of result" time="0.000285583">
        </testcase>
    </testsuite>
    <testsuite name="tests/unit/api/boom-generate-router.test.ts" timestamp="2026-05-15T20:54:25.019Z" hostname="returndeMacBook-Pro.local" tests="4" failures="0" errors="0" skipped="0" time="0.002938459">
        <testcase classname="tests/unit/api/boom-generate-router.test.ts" name="boomGenerate.generate — happy path &gt; calls CopywritingAgent(mode=boom), writes history with D-032 --- separator + full fields" time="0.0016885">
        </testcase>
        <testcase classname="tests/unit/api/boom-generate-router.test.ts" name="boomGenerate.generate — zod validation &gt; empty elements array → TRPCError BAD_REQUEST" time="0.000559792">
        </testcase>
        <testcase classname="tests/unit/api/boom-generate-router.test.ts" name="boomGenerate.generate — fallback path &gt; agent returns isFallback=true → history written with isFallback=true" time="0.000346916">
        </testcase>
        <testcase classname="tests/unit/api/boom-generate-router.test.ts" name="boomGenerate.generate — agentMode field &gt; agentMode=&quot;boom&quot; is always written to history" time="0.000300791">
        </testcase>
    </testsuite>
    <testsuite name="tests/unit/api/copywriting-acquisition.test.ts" timestamp="2026-05-15T20:54:25.020Z" hostname="returndeMacBook-Pro.local" tests="4" failures="0" errors="0" skipped="0" time="0.002338416">
        <testcase classname="tests/unit/api/copywriting-acquisition.test.ts" name="copywriting.acquisitionGenerate — happy path &gt; calls CopywritingAgent(mode=acquisition), writes history agentMode=acquisition, markdown contains CTA" time="0.001328333">
        </testcase>
        <testcase classname="tests/unit/api/copywriting-acquisition.test.ts" name="copywriting.acquisitionGenerate — zod validation &gt; conversionGoal 留空 → BAD_REQUEST (转化目标必填)" time="0.000421959">
        </testcase>
        <testcase classname="tests/unit/api/copywriting-acquisition.test.ts" name="copywriting.acquisitionGenerate — CTA post-validate retry &gt; markdown 缺 CTA → execute called twice, second result used" time="0.00027375">
        </testcase>
        <testcase classname="tests/unit/api/copywriting-acquisition.test.ts" name="copywriting.acquisitionGenerate — cross-account RLS isolation &gt; history.create always uses activeAccountId from context, not a user-supplied value" time="0.000266959">
        </testcase>
    </testsuite>
    <testsuite name="tests/unit/api/copywriting-router.test.ts" timestamp="2026-05-15T20:54:25.020Z" hostname="returndeMacBook-Pro.local" tests="4" failures="0" errors="0" skipped="0" time="0.002634625">
        <testcase classname="tests/unit/api/copywriting-router.test.ts" name="copywriting.freeGenerate — happy path &gt; calls CopywritingAgent(mode=free), writes history with full fields, returns row" time="0.001579">
        </testcase>
        <testcase classname="tests/unit/api/copywriting-router.test.ts" name="copywriting.freeGenerate — zod validation &gt; empty topic → TRPCError BAD_REQUEST" time="0.000428">
        </testcase>
        <testcase classname="tests/unit/api/copywriting-router.test.ts" name="copywriting.freeGenerate — fallback path &gt; agent returns isFallback=true → history written with isFallback=true" time="0.000309125">
        </testcase>
        <testcase classname="tests/unit/api/copywriting-router.test.ts" name="copywriting.freeGenerate — agentMode field &gt; agentMode=&quot;free&quot; is always written to history regardless of result" time="0.00027625">
        </testcase>
    </testsuite>
    <testsuite name="tests/unit/api/daily-task-agent.test.ts" timestamp="2026-05-15T20:54:25.020Z" hostname="returndeMacBook-Pro.local" tests="12" failures="0" errors="0" skipped="0" time="0.002880917">
        <testcase classname="tests/unit/api/daily-task-agent.test.ts" name="DailyTaskAgent &gt; AC-8 T1: 冷启动 stepData=0 → 返回 5 模板 tasks · isFallback=false · modelUsed=cold-start-template" time="0.000744625">
        </testcase>
        <testcase classname="tests/unit/api/daily-task-agent.test.ts" name="DailyTaskAgent &gt; AC-8 T2: 冷启动 evolutionProfile=null (有 stepData) → 仍走模板" time="0.0002315">
        </testcase>
        <testcase classname="tests/unit/api/daily-task-agent.test.ts" name="DailyTaskAgent &gt; AC-8 T3: 非冷启动 → 调 LLMGateway.complete(lightweight) · 返回 LLM tasks" time="0.000331292">
        </testcase>
        <testcase classname="tests/unit/api/daily-task-agent.test.ts" name="DailyTaskAgent &gt; AC-8 T4: LLM 输出 schema 不合规 → retry 1 次 · 二次成功返回" time="0.000208083">
        </testcase>
        <testcase classname="tests/unit/api/daily-task-agent.test.ts" name="DailyTaskAgent &gt; AC-8 T5: buildColdStartTasks() 返回 5 条合规 TaskItem (uuid · ctaUrl 以 / 开头)" time="0.000298666">
        </testcase>
        <testcase classname="tests/unit/api/daily-task-agent.test.ts" name="DailyTaskAgent &gt; AC-8 T6: cron schedule string &quot;0 0 * * *&quot; 符合 5-field cron 格式" time="0.000163833">
        </testcase>
        <testcase classname="tests/unit/api/daily-task-agent.test.ts" name="DailyTaskAgent &gt; AC-8 T7: runForAllActiveAccounts — 5 活跃账号 → enqueue 5 jobs" time="0.000234708">
        </testcase>
        <testcase classname="tests/unit/api/daily-task-agent.test.ts" name="DailyTaskAgent &gt; AC-8 T8: DailyTask BullMQ Worker 创建时 concurrency=5" time="0.000108083">
        </testcase>
        <testcase classname="tests/unit/api/daily-task-agent.test.ts" name="DailyTaskAgent &gt; AC-8 T9: 同日同账号 jobId 相同 → BullMQ 保证幂等" time="0.000161333">
        </testcase>
        <testcase classname="tests/unit/api/daily-task-agent.test.ts" name="DailyTaskAgent &gt; AC-8 T10: Worker 注册了 failed 事件监听器 (dead-letter 告警)" time="0.000106625">
        </testcase>
        <testcase classname="tests/unit/api/daily-task-agent.test.ts" name="DailyTaskAgent &gt; AC-12 LJ1: LLM 真接输出 — tasks 格式完整 · 质量评分 ≥ 4.0/5" time="0.000132875">
        </testcase>
        <testcase classname="tests/unit/api/daily-task-agent.test.ts" name="DailyTaskAgent &gt; AC-12 LJ2: cold-start 模板输出 — tasks 格式完整 · 质量评分 ≥ 4.0/5" time="0.000111542">
        </testcase>
    </testsuite>
    <testsuite name="tests/unit/api/daily-task-integration.test.ts" timestamp="2026-05-15T20:54:25.020Z" hostname="returndeMacBook-Pro.local" tests="3" failures="0" errors="0" skipped="0" time="0.000515125">
        <testcase classname="tests/unit/api/daily-task-integration.test.ts" name="DailyTask Integration — fan-out → enqueue → upsert chain &gt; AC-9: 3 active accounts → runForAllActiveAccounts → 3 jobs enqueued" time="0.00018475">
        </testcase>
        <testcase classname="tests/unit/api/daily-task-integration.test.ts" name="DailyTask Integration — fan-out → enqueue → upsert chain &gt; AC-9: Worker 处理所有 3 jobs → DailyTask 表 upsert 3 行" time="0.000243125">
        </testcase>
        <testcase classname="tests/unit/api/daily-task-integration.test.ts" name="DailyTask Integration — fan-out → enqueue → upsert chain &gt; AC-5: 同日同账号 jobId 相同 → BullMQ 幂等保证" time="0.000064875">
        </testcase>
    </testsuite>
    <testsuite name="tests/unit/api/daily-tasks-router.test.ts" timestamp="2026-05-15T20:54:25.021Z" hostname="returndeMacBook-Pro.local" tests="14" failures="0" errors="0" skipped="0" time="0.003990709">
        <testcase classname="tests/unit/api/daily-tasks-router.test.ts" name="dailyTasks.getToday &gt; AC-2: returns today DailyTask row when record exists" time="0.000924292">
        </testcase>
        <testcase classname="tests/unit/api/daily-tasks-router.test.ts" name="dailyTasks.getToday &gt; AC-2: returns null when no record for today" time="0.00024625">
        </testcase>
        <testcase classname="tests/unit/api/daily-tasks-router.test.ts" name="dailyTasks.getToday &gt; AC-1: queries with accountId (explicit double-layer guard)" time="0.000205583">
        </testcase>
        <testcase classname="tests/unit/api/daily-tasks-router.test.ts" name="dailyTasks.getHistory &gt; AC-2: returns list ordered by taskDate desc" time="0.000250875">
        </testcase>
        <testcase classname="tests/unit/api/daily-tasks-router.test.ts" name="dailyTasks.getHistory &gt; AC-2: respects limit=30" time="0.000176333">
        </testcase>
        <testcase classname="tests/unit/api/daily-tasks-router.test.ts" name="dailyTasks.getHistory &gt; AC-1: queries with accountId isolation" time="0.000175292">
        </testcase>
        <testcase classname="tests/unit/api/daily-tasks-router.test.ts" name="dailyTasks.markCompleted &gt; AC-2: marks task completed and recalculates completedCount" time="0.000245292">
        </testcase>
        <testcase classname="tests/unit/api/daily-tasks-router.test.ts" name="dailyTasks.markCompleted &gt; AC-1: NOT_FOUND when record belongs to different account" time="0.000211583">
        </testcase>
        <testcase classname="tests/unit/api/daily-tasks-router.test.ts" name="dailyTasks.markCompleted &gt; AC-2: findFirst uses accountId guard (LD-009)" time="0.000185708">
        </testcase>
        <testcase classname="tests/unit/api/daily-tasks-router.test.ts" name="dailyTasks.markCompleted &gt; AC-4: already-completed task stays completed (idempotent)" time="0.000176333">
        </testcase>
        <testcase classname="tests/unit/api/daily-tasks-router.test.ts" name="dailyTasks.regenerateToday &gt; AC-2: enqueues daily-task job and returns ok + scheduledDate + jobId" time="0.000283959">
        </testcase>
        <testcase classname="tests/unit/api/daily-tasks-router.test.ts" name="dailyTasks.regenerateToday &gt; AC-2: INTERNAL_SERVER_ERROR when queue add fails" time="0.000473958">
        </testcase>
        <testcase classname="tests/unit/api/daily-tasks-router.test.ts" name="dailyTasks.regenerateToday &gt; AC-1: jobId includes accountId for per-account isolation" time="0.000231292">
        </testcase>
        <testcase classname="tests/unit/api/daily-tasks-router.test.ts" name="dailyTasks protectedProcedure guard &gt; AC-1: getToday FORBIDDEN when activeAccountId=null" time="0.000113291">
        </testcase>
    </testsuite>
    <testsuite name="tests/unit/api/feedback-log.test.ts" timestamp="2026-05-15T20:54:25.021Z" hostname="returndeMacBook-Pro.local" tests="8" failures="0" errors="0" skipped="0" time="0.0010235">
        <testcase classname="tests/unit/api/feedback-log.test.ts" name="costLog.logFeedback &gt; AC-18-1: logFeedback writes cost_log with eventType=good and correct fields" time="0.000288875">
        </testcase>
        <testcase classname="tests/unit/api/feedback-log.test.ts" name="costLog.logFeedback &gt; AC-18-2: event_type enum — &apos;bad&apos; maps correctly" time="0.000078417">
        </testcase>
        <testcase classname="tests/unit/api/feedback-log.test.ts" name="costLog.logFeedback &gt; AC-18-3: RLS isolation — accountId comes from ctx.activeAccountId, not input" time="0.00006225">
        </testcase>
        <testcase classname="tests/unit/api/feedback-log.test.ts" name="costLog.logFeedback &gt; AC-18-4: target JSON complete — stepKey + agentId + traceId all present" time="0.000076375">
        </testcase>
        <testcase classname="tests/unit/api/feedback-log.test.ts" name="costLog.logFeedback &gt; AC-10: type not in [good,bad] → zod input rejection" time="0.000116375">
        </testcase>
        <testcase classname="tests/unit/api/feedback-log.test.ts" name="costLog.logFeedback &gt; AC-12: DB error → returns { ok: false } without throwing" time="0.000230958">
        </testcase>
        <testcase classname="tests/unit/api/feedback-log.test.ts" name="costLog.logFeedback &gt; AC-11: traceId propagated from x-trace-id header into cost_log" time="0.000078417">
        </testcase>
        <testcase classname="tests/unit/api/feedback-log.test.ts" name="costLog.logFeedback &gt; AC-20: logFeedback &lt; 50ms (single INSERT with mock DB)" time="0.000061708">
        </testcase>
    </testsuite>
    <testsuite name="tests/unit/api/history-router.test.ts" timestamp="2026-05-15T20:54:25.021Z" hostname="returndeMacBook-Pro.local" tests="16" failures="0" errors="0" skipped="0" time="0.004332541">
        <testcase classname="tests/unit/api/history-router.test.ts" name="history.list &gt; AC-2: list all — findMany called with accountId + orderBy createdAt desc" time="0.000862708">
        </testcase>
        <testcase classname="tests/unit/api/history-router.test.ts" name="history.list &gt; AC-2: filter by agentMode — where includes agentMode" time="0.000274375">
        </testcase>
        <testcase classname="tests/unit/api/history-router.test.ts" name="history.list &gt; AC-2: filter by agentId" time="0.000225583">
        </testcase>
        <testcase classname="tests/unit/api/history-router.test.ts" name="history.list &gt; AC-2: filter by sourceType" time="0.000217292">
        </testcase>
        <testcase classname="tests/unit/api/history-router.test.ts" name="history.list &gt; AC-2: dateRange=last_7d → createdAt gte filter added" time="0.000189166">
        </testcase>
        <testcase classname="tests/unit/api/history-router.test.ts" name="history.list &gt; AC-2: pagination — take=limit skip=offset passed through" time="0.000197916">
        </testcase>
        <testcase classname="tests/unit/api/history-router.test.ts" name="history.list &gt; AC-12: limit &gt; 100 → zod BAD_REQUEST" time="0.000274083">
        </testcase>
        <testcase classname="tests/unit/api/history-router.test.ts" name="history.detail &gt; AC-3: detail — findFirst with id + accountId" time="0.000248833">
        </testcase>
        <testcase classname="tests/unit/api/history-router.test.ts" name="history.detail &gt; AC-13: detail not found → NOT_FOUND" time="0.000207625">
        </testcase>
        <testcase classname="tests/unit/api/history-router.test.ts" name="history.list US-013 &gt; US-013 AC-8 (1): list filter agentMode=production → findMany includes production filter" time="0.000223167">
        </testcase>
        <testcase classname="tests/unit/api/history-router.test.ts" name="history.list US-013 &gt; US-013 AC-8 (2): list filter agentMode=acquisition(video) → VideoAgent rows returned" time="0.000208541">
        </testcase>
        <testcase classname="tests/unit/api/history-router.test.ts" name="history.detail US-013 &gt; US-013 AC-8 (3): storyboard detail → scenes array returned" time="0.000248833">
        </testcase>
        <testcase classname="tests/unit/api/history-router.test.ts" name="history.detail US-013 &gt; US-013 AC-8 (4): detail join Asset → sceneImageUrl from Asset.publicUrl" time="0.000218417">
        </testcase>
        <testcase classname="tests/unit/api/history-router.test.ts" name="history.detail US-013 &gt; US-013 AC-8 (5): cross-account detail → NOT_FOUND (accountId double-layer guard)" time="0.000222">
        </testcase>
        <testcase classname="tests/unit/api/history-router.test.ts" name="history.delete &gt; AC-4: delete — deleteMany with id + accountId → { ok: true }" time="0.000220292">
        </testcase>
        <testcase classname="tests/unit/api/history-router.test.ts" name="history.delete &gt; AC-13: delete cross-account blocked by explicit accountId where" time="0.00021025">
        </testcase>
    </testsuite>
    <testsuite name="tests/unit/api/image-gen-dall-e-3.test.ts" timestamp="2026-05-15T20:54:25.022Z" hostname="returndeMacBook-Pro.local" tests="6" failures="0" errors="0" skipped="0" time="3.015708333">
        <testcase classname="tests/unit/api/image-gen-dall-e-3.test.ts" name="US-009 AC-12-1: IMAGE_GEN_ENABLED=true happy path &gt; calls DALL-E 3, returns sceneImageUrl + costUsd=0.04, writes cost_log + Asset + history" time="0.00125425">
        </testcase>
        <testcase classname="tests/unit/api/image-gen-dall-e-3.test.ts" name="US-009 AC-12-2: IMAGE_GEN_ENABLED=false &gt; returns placeholder URL without calling OpenAI or writing cost_log" time="0.000306542">
        </testcase>
        <testcase classname="tests/unit/api/image-gen-dall-e-3.test.ts" name="US-009 AC-12-3: network failure retry 3 times → failed result &gt; retries 3 times on network error, returns { error: image_gen_failed, sceneImageUrl: placeholder }" time="3.004325292">
        </testcase>
        <testcase classname="tests/unit/api/image-gen-dall-e-3.test.ts" name="US-009 AC-12-4: cost_log eventType=image_gen accurate &gt; writes cost_log with eventType=image_gen provider=openai modelUsed=dall-e-3 costUsd=0.04" time="0.004815292">
        </testcase>
        <testcase classname="tests/unit/api/image-gen-dall-e-3.test.ts" name="US-009 AC-12-5: Asset write all fields &gt; writes Asset with accountId, assetType=scene_image, sceneIndex, publicUrl, generationModel, relatedHistoryId" time="0.002638334">
        </testcase>
        <testcase classname="tests/unit/api/image-gen-dall-e-3.test.ts" name="US-009 AC-12-6: history.scenes 反写 correct &gt; updates history content with sceneImageUrl merged into correct scene by index, untouched scene unchanged" time="0.002119292">
        </testcase>
    </testsuite>
    <testsuite name="tests/unit/api/image-gen-queue.test.ts" timestamp="2026-05-15T20:54:25.022Z" hostname="returndeMacBook-Pro.local" tests="8" failures="0" errors="0" skipped="0" time="0.003635667">
        <testcase classname="tests/unit/api/image-gen-queue.test.ts" name="US-010 AC-12: image-gen queue + worker + rate limit unit tests &gt; 1. queue.add returns job with id" time="0.001411583">
        </testcase>
        <testcase classname="tests/unit/api/image-gen-queue.test.ts" name="US-010 AC-12: image-gen queue + worker + rate limit unit tests &gt; 2. processor calls imageGen with job data on completion" time="0.000342208">
        </testcase>
        <testcase classname="tests/unit/api/image-gen-queue.test.ts" name="US-010 AC-12: image-gen queue + worker + rate limit unit tests &gt; 3. Queue defaultJobOptions.attempts === 3 (2 retries)" time="0.000236875">
        </testcase>
        <testcase classname="tests/unit/api/image-gen-queue.test.ts" name="US-010 AC-12: image-gen queue + worker + rate limit unit tests &gt; 4. processor returns error result when imageGen fails" time="0.000233708">
        </testcase>
        <testcase classname="tests/unit/api/image-gen-queue.test.ts" name="US-010 AC-12: image-gen queue + worker + rate limit unit tests &gt; 5. Worker created with concurrency=2" time="0.000212625">
        </testcase>
        <testcase classname="tests/unit/api/image-gen-queue.test.ts" name="US-010 AC-12: image-gen queue + worker + rate limit unit tests &gt; 6. queryImageGenStatus counts scenes by status correctly" time="0.000277833">
        </testcase>
        <testcase classname="tests/unit/api/image-gen-queue.test.ts" name="US-010 AC-12: image-gen queue + worker + rate limit unit tests &gt; 7. rate limit: 11th call throws TOO_MANY_REQUESTS" time="0.000476959">
        </testcase>
        <testcase classname="tests/unit/api/image-gen-queue.test.ts" name="US-010 AC-12: image-gen queue + worker + rate limit unit tests &gt; 8. rate limit cross-account isolation: accountId=1 saturated, accountId=2 still free" time="0.000377375">
        </testcase>
    </testsuite>
    <testsuite name="tests/unit/api/invite.test.ts" timestamp="2026-05-15T20:54:25.023Z" hostname="returndeMacBook-Pro.local" tests="4" failures="0" errors="0" skipped="0" time="0.000530291">
        <testcase classname="tests/unit/api/invite.test.ts" name="invite.redeem — success &gt; AC-3: calls findUnique then update with usedById=user.id and returns updated invite" time="0.000274375">
        </testcase>
        <testcase classname="tests/unit/api/invite.test.ts" name="invite.redeem — duplicate &gt; AC-4: already-used invite code → throws CONFLICT 409" time="0.000095833">
        </testcase>
        <testcase classname="tests/unit/api/invite.test.ts" name="invite.redeem — not found &gt; unknown code → throws NOT_FOUND" time="0.000062709">
        </testcase>
        <testcase classname="tests/unit/api/invite.test.ts" name="invite.redeem — unauthenticated &gt; no user session → throws UNAUTHORIZED" time="0.000063375">
        </testcase>
    </testsuite>
    <testsuite name="tests/unit/api/ip-progress.test.ts" timestamp="2026-05-15T20:54:25.023Z" hostname="returndeMacBook-Pro.local" tests="7" failures="0" errors="0" skipped="0" time="0.000452375">
        <testcase classname="tests/unit/api/ip-progress.test.ts" name="getProgress &gt; returns 0/9 with empty completedSteps when no stepData rows exist" time="0.000101167">
        </testcase>
        <testcase classname="tests/unit/api/ip-progress.test.ts" name="getProgress &gt; returns 3/9 when 3 completed-status rows returned" time="0.000066791">
        </testcase>
        <testcase classname="tests/unit/api/ip-progress.test.ts" name="getProgress &gt; returns 9/9 when all 9 steps completed" time="0.000051958">
        </testcase>
        <testcase classname="tests/unit/api/ip-progress.test.ts" name="getProgress &gt; passes correct accountId for account isolation" time="0.000069709">
        </testcase>
        <testcase classname="tests/unit/api/ip-progress.test.ts" name="getProgress &gt; queries only status=completed rows (belt-and-suspenders beyond RLS)" time="0.000035875">
        </testcase>
        <testcase classname="tests/unit/api/ip-progress.test.ts" name="getProgress &gt; queries only STEP_KEYS_9 (step2 excluded)" time="0.00004175">
        </testcase>
        <testcase classname="tests/unit/api/ip-progress.test.ts" name="getProgress &gt; switching account ID returns independent progress" time="0.000064042">
        </testcase>
    </testsuite>
    <testsuite name="tests/unit/api/ipAccounts-stepData.test.ts" timestamp="2026-05-15T20:54:25.023Z" hostname="returndeMacBook-Pro.local" tests="15" failures="0" errors="0" skipped="0" time="0.002072709">
        <testcase classname="tests/unit/api/ipAccounts-stepData.test.ts" name="ipAccounts.list &gt; AC-5: calls findMany without explicit where:{userId} (RLS handles it)" time="0.000283875">
        </testcase>
        <testcase classname="tests/unit/api/ipAccounts-stepData.test.ts" name="ipAccounts.active &gt; returns the active account by activeAccountId" time="0.00015325">
        </testcase>
        <testcase classname="tests/unit/api/ipAccounts-stepData.test.ts" name="ipAccounts.active &gt; returns null when account not found" time="0.000086333">
        </testcase>
        <testcase classname="tests/unit/api/ipAccounts-stepData.test.ts" name="ipAccounts.create &gt; creates account with user.id from context" time="0.000115791">
        </testcase>
        <testcase classname="tests/unit/api/ipAccounts-stepData.test.ts" name="ipAccounts.update &gt; updates the active account (where:{id: activeAccountId})" time="0.000123875">
        </testcase>
        <testcase classname="tests/unit/api/ipAccounts-stepData.test.ts" name="ipAccounts.delete &gt; soft-deletes by setting isActive=false + archivedAt" time="0.000113041">
        </testcase>
        <testcase classname="tests/unit/api/ipAccounts-stepData.test.ts" name="ipAccounts.switchActive &gt; AC-6: updates user.activeAccountId and writes audit_log" time="0.000153333">
        </testcase>
        <testcase classname="tests/unit/api/ipAccounts-stepData.test.ts" name="ipAccounts.switchActive &gt; AC-6: throws UNAUTHORIZED when user is null" time="0.000122625">
        </testcase>
        <testcase classname="tests/unit/api/ipAccounts-stepData.test.ts" name="ipAccounts.switchActive &gt; AC-6: throws NOT_FOUND when account does not belong to user" time="0.00011675">
        </testcase>
        <testcase classname="tests/unit/api/ipAccounts-stepData.test.ts" name="stepData.get &gt; AC-8: queries by stepKey only (no accountId — RLS handles it)" time="0.000141125">
        </testcase>
        <testcase classname="tests/unit/api/ipAccounts-stepData.test.ts" name="stepData.get &gt; returns null when stepKey not found" time="0.000074542">
        </testcase>
        <testcase classname="tests/unit/api/ipAccounts-stepData.test.ts" name="stepData.getAll &gt; calls findMany without where:{accountId} (RLS handles it)" time="0.000081041">
        </testcase>
        <testcase classname="tests/unit/api/ipAccounts-stepData.test.ts" name="stepData.save &gt; AC-7: upserts with accountId_stepKey composite key" time="0.000225">
        </testcase>
        <testcase classname="tests/unit/api/ipAccounts-stepData.test.ts" name="stepData.progress &gt; returns completed/total counts for the current account" time="0.000115458">
        </testcase>
        <testcase classname="tests/unit/api/ipAccounts-stepData.test.ts" name="stepData.progress &gt; returns zero completed when no step data exists" time="0.000079667">
        </testcase>
    </testsuite>
    <testsuite name="tests/unit/api/knowledge.test.ts" timestamp="2026-05-15T20:54:25.024Z" hostname="returndeMacBook-Pro.local" tests="7" failures="0" errors="0" skipped="0" time="0.000862875">
        <testcase classname="tests/unit/api/knowledge.test.ts" name="knowledge.getRecommendations &gt; returns mock recommendation array without DB calls" time="0.000268167">
        </testcase>
        <testcase classname="tests/unit/api/knowledge.test.ts" name="knowledge.getScriptCases &gt; returns mock script case array and echoes industry filter" time="0.000098625">
        </testcase>
        <testcase classname="tests/unit/api/knowledge.test.ts" name="knowledge.getFavorites &gt; calls knowledgeFavorite.findMany and returns favorites array" time="0.000095834">
        </testcase>
        <testcase classname="tests/unit/api/knowledge.test.ts" name="knowledge.addFavorite &gt; AC-6: creates favorite with activeAccountId (per-account isolation)" time="0.000091958">
        </testcase>
        <testcase classname="tests/unit/api/knowledge.test.ts" name="knowledge.removeFavorite &gt; calls knowledgeFavorite.deleteMany with accountId+itemType+itemKey and returns {ok:true}" time="0.000090667">
        </testcase>
        <testcase classname="tests/unit/api/knowledge.test.ts" name="knowledge.getNotes &gt; calls knowledgeNote.findMany and returns notes array" time="0.000082791">
        </testcase>
        <testcase classname="tests/unit/api/knowledge.test.ts" name="knowledge.addNote &gt; creates note with activeAccountId and content" time="0.0000845">
        </testcase>
    </testsuite>
    <testsuite name="tests/unit/api/llm-gateway-fallback.test.ts" timestamp="2026-05-15T20:54:25.024Z" hostname="returndeMacBook-Pro.local" tests="9" failures="0" errors="0" skipped="0" time="0.004339875">
        <testcase classname="tests/unit/api/llm-gateway-fallback.test.ts" name="LLMGateway · fallback &gt; AC-3: happy path — primary succeeds, no fallback field" time="0.001418583">
        </testcase>
        <testcase classname="tests/unit/api/llm-gateway-fallback.test.ts" name="LLMGateway · fallback &gt; AC-3: primary fails both attempts → falls back to gpt-4o" time="0.000532708">
        </testcase>
        <testcase classname="tests/unit/api/llm-gateway-fallback.test.ts" name="LLMGateway · fallback &gt; AC-3: retry once — fails first, succeeds second (same primary)" time="0.000462083">
        </testcase>
        <testcase classname="tests/unit/api/llm-gateway-fallback.test.ts" name="LLMGateway · fallback &gt; AC-4: both providers fail → returns fallback template string" time="0.000321">
        </testcase>
        <testcase classname="tests/unit/api/llm-gateway-fallback.test.ts" name="LLMGateway · fallback &gt; AC-4: both fail → cost_log written with success=false" time="0.000351">
        </testcase>
        <testcase classname="tests/unit/api/llm-gateway-fallback.test.ts" name="LLMGateway · fallback &gt; AC-5: ANTHROPIC_API_KEY missing → throws specific error" time="0.000338167">
        </testcase>
        <testcase classname="tests/unit/api/llm-gateway-fallback.test.ts" name="LLMGateway · fallback &gt; AC-6: cost_log written on success with correct fields" time="0.000295875">
        </testcase>
        <testcase classname="tests/unit/api/llm-gateway-fallback.test.ts" name="LLMGateway · fallback &gt; AC-6: cost_log res.fallback present when fallback used" time="0.000297292">
        </testcase>
        <testcase classname="tests/unit/api/llm-gateway-fallback.test.ts" name="LLMGateway · fallback &gt; lightweight tier: primary is haiku, fallback is gpt-4o-mini" time="0.000286375">
        </testcase>
    </testsuite>
    <testsuite name="tests/unit/api/llm-gateway-rate.test.ts" timestamp="2026-05-15T20:54:25.024Z" hostname="returndeMacBook-Pro.local" tests="6" failures="0" errors="0" skipped="0" time="0.002571542">
        <testcase classname="tests/unit/api/llm-gateway-rate.test.ts" name="LLMGateway · rate limiting &gt; AC-11: throws RateLimitError when quota exceeded, no LLM call" time="0.000896375">
        </testcase>
        <testcase classname="tests/unit/api/llm-gateway-rate.test.ts" name="LLMGateway · rate limiting &gt; AC-11: RateLimitError has correct userId and code" time="0.000409917">
        </testcase>
        <testcase classname="tests/unit/api/llm-gateway-rate.test.ts" name="LLMGateway · rate limiting &gt; AC-11: checkRateLimit is called with userId from metadata" time="0.000379208">
        </testcase>
        <testcase classname="tests/unit/api/llm-gateway-rate.test.ts" name="LLMGateway · rate limiting &gt; checkRateLimit called once per complete() call" time="0.000318667">
        </testcase>
        <testcase classname="tests/unit/api/llm-gateway-rate.test.ts" name="LLMGateway · rate limiting &gt; RateLimitError constructor sets message and code" time="0.000276166">
        </testcase>
        <testcase classname="tests/unit/api/llm-gateway-rate.test.ts" name="LLMGateway · rate limiting &gt; complete() succeeds when rate limit passes" time="0.000266417">
        </testcase>
    </testsuite>
    <testsuite name="tests/unit/api/myTopics.test.ts" timestamp="2026-05-15T20:54:25.025Z" hostname="returndeMacBook-Pro.local" tests="18" failures="0" errors="0" skipped="0" time="0.000748958">
        <testcase classname="tests/unit/api/myTopics.test.ts" name="Router registration &gt; myTopicsRouter is imported in _app.ts" time="0.000064584">
        </testcase>
        <testcase classname="tests/unit/api/myTopics.test.ts" name="Router registration &gt; myTopics is registered as appRouter.myTopics" time="0.000032542">
        </testcase>
        <testcase classname="tests/unit/api/myTopics.test.ts" name="5 procedures (AC-10) &gt; exports list procedure" time="0.000041458">
        </testcase>
        <testcase classname="tests/unit/api/myTopics.test.ts" name="5 procedures (AC-10) &gt; exports add procedure" time="0.000036083">
        </testcase>
        <testcase classname="tests/unit/api/myTopics.test.ts" name="5 procedures (AC-10) &gt; exports update procedure" time="0.000032292">
        </testcase>
        <testcase classname="tests/unit/api/myTopics.test.ts" name="5 procedures (AC-10) &gt; exports delete procedure" time="0.000032083">
        </testcase>
        <testcase classname="tests/unit/api/myTopics.test.ts" name="5 procedures (AC-10) &gt; exports countBySource procedure" time="0.000030791">
        </testcase>
        <testcase classname="tests/unit/api/myTopics.test.ts" name="3-source aggregation (AC-5) &gt; list reads step_data for step5 topics" time="0.000076417">
        </testcase>
        <testcase classname="tests/unit/api/myTopics.test.ts" name="3-source aggregation (AC-5) &gt; list reads trendingFavorite + trendingItem for trending topics" time="0.000037375">
        </testcase>
        <testcase classname="tests/unit/api/myTopics.test.ts" name="3-source aggregation (AC-5) &gt; list reads topics table with sourceType=manual for manual topics" time="0.000036209">
        </testcase>
        <testcase classname="tests/unit/api/myTopics.test.ts" name="3-source aggregation (AC-5) &gt; list returns items/total/page/pageSize/totalPages" time="0.000041959">
        </testcase>
        <testcase classname="tests/unit/api/myTopics.test.ts" name="CRUD mutations (AC-10) &gt; add creates manual topic with sourceType=manual" time="0.000035291">
        </testcase>
        <testcase classname="tests/unit/api/myTopics.test.ts" name="CRUD mutations (AC-10) &gt; update checks sourceType=manual before updating" time="0.000036083">
        </testcase>
        <testcase classname="tests/unit/api/myTopics.test.ts" name="CRUD mutations (AC-10) &gt; delete dispatches to topic.deleteMany for manual source" time="0.000034208">
        </testcase>
        <testcase classname="tests/unit/api/myTopics.test.ts" name="CRUD mutations (AC-10) &gt; delete dispatches to trendingFavorite.deleteMany for trending source" time="0.000030667">
        </testcase>
        <testcase classname="tests/unit/api/myTopics.test.ts" name="countBySource (AC-10) &gt; returns step5/trending/manual counts" time="0.000043875">
        </testcase>
        <testcase classname="tests/unit/api/myTopics.test.ts" name="countBySource (AC-10) &gt; counts trendingFavorite for trending" time="0.000030084">
        </testcase>
        <testcase classname="tests/unit/api/myTopics.test.ts" name="countBySource (AC-10) &gt; counts topic for manual" time="0.000030667">
        </testcase>
    </testsuite>
    <testsuite name="tests/unit/api/rate-limit-image-gen.test.ts" timestamp="2026-05-15T20:54:25.025Z" hostname="returndeMacBook-Pro.local" tests="9" failures="0" errors="0" skipped="0" time="0.007292791">
        <testcase classname="tests/unit/api/rate-limit-image-gen.test.ts" name="checkImageGenRateLimit — 1st call &gt; count=1 → no throw (AC-7.1)" time="0.001072375">
        </testcase>
        <testcase classname="tests/unit/api/rate-limit-image-gen.test.ts" name="checkImageGenRateLimit — 10th call (boundary OK) &gt; count=10 → no throw (AC-7.2 boundary)" time="0.0002515">
        </testcase>
        <testcase classname="tests/unit/api/rate-limit-image-gen.test.ts" name="checkImageGenRateLimit — 11th call &gt; count=11 → TOO_MANY_REQUESTS with correct message (AC-7.3 · AC-2)" time="0.000234334">
        </testcase>
        <testcase classname="tests/unit/api/rate-limit-image-gen.test.ts" name="checkImageGenRateLimit — 11th call &gt; boundary: count=10 passes, count=11 rejects (AC-8)" time="0.000222875">
        </testcase>
        <testcase classname="tests/unit/api/rate-limit-image-gen.test.ts" name="checkImageGenRateLimit — cross-account isolation &gt; accountId=1 count=10 不影响 accountId=2 count=0 (AC-7.4 · SHIELD REJ-008)" time="0.000266584">
        </testcase>
        <testcase classname="tests/unit/api/rate-limit-image-gen.test.ts" name="checkImageGenRateLimit — cross-account isolation &gt; 1000 accounts each have independent keys (AC-10 performance)" time="0.004147625">
        </testcase>
        <testcase classname="tests/unit/api/rate-limit-image-gen.test.ts" name="checkImageGenRateLimit — day rollover &gt; UTC date change resets count to 0 for new day (AC-7.5)" time="0.000532209">
        </testcase>
        <testcase classname="tests/unit/api/rate-limit-image-gen.test.ts" name="getImageGenDailyUsage — read-only count &gt; returns count=0 when key not set (AC-4)" time="0.000289">
        </testcase>
        <testcase classname="tests/unit/api/rate-limit-image-gen.test.ts" name="getImageGenDailyUsage — read-only count &gt; returns current count from Redis (AC-4)" time="0.000206875">
        </testcase>
    </testsuite>
    <testsuite name="tests/unit/api/seed.test.ts" timestamp="2026-05-15T20:54:25.026Z" hostname="returndeMacBook-Pro.local" tests="7" failures="0" errors="0" skipped="0" time="0.001667667">
        <testcase classname="tests/unit/api/seed.test.ts" name="seedIndustries &gt; creates 56 industries on first run" time="0.000286875">
        </testcase>
        <testcase classname="tests/unit/api/seed.test.ts" name="seedIndustries &gt; is idempotent: re-seed creates 0 new records" time="0.000099958">
        </testcase>
        <testcase classname="tests/unit/api/seed.test.ts" name="seedMockIpAccounts &gt; creates 5 mock IP accounts on first run" time="0.000107458">
        </testcase>
        <testcase classname="tests/unit/api/seed.test.ts" name="seedMockIpAccounts &gt; is idempotent: re-seed creates 0 new accounts" time="0.000067875">
        </testcase>
        <testcase classname="tests/unit/api/seed.test.ts" name="INDUSTRIES constant (IndustryDropdown source) &gt; contains exactly 56 industries" time="0.000027791">
        </testcase>
        <testcase classname="tests/unit/api/seed.test.ts" name="INDUSTRIES constant (IndustryDropdown source) &gt; contains industries in all 5 categories with correct counts" time="0.000050583">
        </testcase>
        <testcase classname="tests/unit/api/seed.test.ts" name="INDUSTRIES constant (IndustryDropdown source) &gt; all industries have required key, label, emoji, and category fields" time="0.000993917">
        </testcase>
    </testsuite>
    <testsuite name="tests/unit/api/specialists-creation.test.ts" timestamp="2026-05-15T20:54:25.026Z" hostname="returndeMacBook-Pro.local" tests="10" failures="0" errors="0" skipped="0" time="0.001543375">
        <testcase classname="tests/unit/api/specialists-creation.test.ts" name="copywriting.generate &gt; US-009 AC-5/AC-7: calls CopywritingAgent, writes real markdown to History row" time="0.000323542">
        </testcase>
        <testcase classname="tests/unit/api/specialists-creation.test.ts" name="copywriting.optimize &gt; AC-7: creates History row for optimization with traceId" time="0.0001385">
        </testcase>
        <testcase classname="tests/unit/api/specialists-creation.test.ts" name="copywriting.list &gt; returns array of history entries without hitting history.create" time="0.000107709">
        </testcase>
        <testcase classname="tests/unit/api/specialists-creation.test.ts" name="copywriting.delete &gt; calls history.delete with the given historyId and returns {ok: true}" time="0.000126875">
[...]
        </testcase>
        <testcase classname="apps/api/src/trpc/routers/admin/__tests__/review-trending.test.ts" name="reviewTrendingRouter &gt; list &gt; filters by statusFilter" time="0.000105708">
        </testcase>
        <testcase classname="apps/api/src/trpc/routers/admin/__tests__/review-trending.test.ts" name="reviewTrendingRouter &gt; list &gt; filters by platformFilter" time="0.00009125">
        </testcase>
        <testcase classname="apps/api/src/trpc/routers/admin/__tests__/review-trending.test.ts" name="reviewTrendingRouter &gt; list &gt; filters by autoVerdictFilter" time="0.000087584">
        </testcase>
        <testcase classname="apps/api/src/trpc/routers/admin/__tests__/review-trending.test.ts" name="reviewTrendingRouter &gt; list &gt; applies dateRange filter with from and to" time="0.000116834">
        </testcase>
        <testcase classname="apps/api/src/trpc/routers/admin/__tests__/review-trending.test.ts" name="reviewTrendingRouter &gt; list &gt; writes audit log: list_trending_review_queue" time="0.000106125">
        </testcase>
        <testcase classname="apps/api/src/trpc/routers/admin/__tests__/review-trending.test.ts" name="reviewTrendingRouter &gt; list &gt; readonly_admin can call list" time="0.000095625">
        </testcase>
        <testcase classname="apps/api/src/trpc/routers/admin/__tests__/review-trending.test.ts" name="reviewTrendingRouter &gt; list &gt; handles empty results correctly" time="0.00010875">
        </testcase>
        <testcase classname="apps/api/src/trpc/routers/admin/__tests__/review-trending.test.ts" name="reviewTrendingRouter &gt; detail &gt; returns full item with rawContent and autoScanResult" time="0.0001135">
        </testcase>
        <testcase classname="apps/api/src/trpc/routers/admin/__tests__/review-trending.test.ts" name="reviewTrendingRouter &gt; detail &gt; returns trendingItemId when approved" time="0.000072917">
        </testcase>
        <testcase classname="apps/api/src/trpc/routers/admin/__tests__/review-trending.test.ts" name="reviewTrendingRouter &gt; detail &gt; throws when item not found" time="0.00010375">
        </testcase>
        <testcase classname="apps/api/src/trpc/routers/admin/__tests__/review-trending.test.ts" name="reviewTrendingRouter &gt; detail &gt; readonly_admin can call detail" time="0.000094166">
        </testcase>
        <testcase classname="apps/api/src/trpc/routers/admin/__tests__/review-trending.test.ts" name="reviewTrendingRouter &gt; approve &gt; approves a pending item and creates trendingItem" time="0.000185209">
        </testcase>
        <testcase classname="apps/api/src/trpc/routers/admin/__tests__/review-trending.test.ts" name="reviewTrendingRouter &gt; approve &gt; calls update twice: status + trendingItemId (atomic)" time="0.000087083">
        </testcase>
        <testcase classname="apps/api/src/trpc/routers/admin/__tests__/review-trending.test.ts" name="reviewTrendingRouter &gt; approve &gt; trendingItem.create is called exactly once (LD-A-5)" time="0.000087458">
        </testcase>
        <testcase classname="apps/api/src/trpc/routers/admin/__tests__/review-trending.test.ts" name="reviewTrendingRouter &gt; approve &gt; writes audit log: trending_review_approve" time="0.000111917">
        </testcase>
        <testcase classname="apps/api/src/trpc/routers/admin/__tests__/review-trending.test.ts" name="reviewTrendingRouter &gt; approve &gt; throws already_approved when already approved (防双重入库)" time="0.000100042">
        </testcase>
        <testcase classname="apps/api/src/trpc/routers/admin/__tests__/review-trending.test.ts" name="reviewTrendingRouter &gt; approve &gt; throws already_has_trending_item when trendingItemId set (防双重入库)" time="0.000115709">
        </testcase>
        <testcase classname="apps/api/src/trpc/routers/admin/__tests__/review-trending.test.ts" name="reviewTrendingRouter &gt; approve &gt; throws when item not found" time="0.000082459">
        </testcase>
        <testcase classname="apps/api/src/trpc/routers/admin/__tests__/review-trending.test.ts" name="reviewTrendingRouter &gt; approve &gt; readonly_admin cannot approve → privilege_escalation" time="0.00008625">
        </testcase>
        <testcase classname="apps/api/src/trpc/routers/admin/__tests__/review-trending.test.ts" name="reviewTrendingRouter &gt; approve &gt; regular admin can approve" time="0.000083375">
        </testcase>
        <testcase classname="apps/api/src/trpc/routers/admin/__tests__/review-trending.test.ts" name="reviewTrendingRouter &gt; approve &gt; uses vendor from rawContent when not provided" time="0.000081583">
        </testcase>
        <testcase classname="apps/api/src/trpc/routers/admin/__tests__/review-trending.test.ts" name="reviewTrendingRouter &gt; approve &gt; uses input vendor when provided" time="0.000092458">
        </testcase>
        <testcase classname="apps/api/src/trpc/routers/admin/__tests__/review-trending.test.ts" name="reviewTrendingRouter &gt; reject &gt; rejects a pending item and updates status" time="0.000102542">
        </testcase>
        <testcase classname="apps/api/src/trpc/routers/admin/__tests__/review-trending.test.ts" name="reviewTrendingRouter &gt; reject &gt; writes audit log: trending_review_reject" time="0.000085792">
        </testcase>
        <testcase classname="apps/api/src/trpc/routers/admin/__tests__/review-trending.test.ts" name="reviewTrendingRouter &gt; reject &gt; throws already_rejected when already rejected" time="0.000090209">
        </testcase>
        <testcase classname="apps/api/src/trpc/routers/admin/__tests__/review-trending.test.ts" name="reviewTrendingRouter &gt; reject &gt; throws when item not found" time="0.000089375">
        </testcase>
        <testcase classname="apps/api/src/trpc/routers/admin/__tests__/review-trending.test.ts" name="reviewTrendingRouter &gt; reject &gt; rejectReason min 5 chars — zod validation" time="0.000101084">
        </testcase>
        <testcase classname="apps/api/src/trpc/routers/admin/__tests__/review-trending.test.ts" name="reviewTrendingRouter &gt; reject &gt; readonly_admin cannot reject → privilege_escalation" time="0.000087333">
        </testcase>
        <testcase classname="apps/api/src/trpc/routers/admin/__tests__/review-trending.test.ts" name="reviewTrendingRouter &gt; reject &gt; regular admin can reject" time="0.000081666">
        </testcase>
        <testcase classname="apps/api/src/trpc/routers/admin/__tests__/review-trending.test.ts" name="reviewTrendingRouter &gt; batchAction &gt; batch rejects multiple items successfully" time="0.000235958">
        </testcase>
        <testcase classname="apps/api/src/trpc/routers/admin/__tests__/review-trending.test.ts" name="reviewTrendingRouter &gt; batchAction &gt; batch approves items atomically (per item transaction)" time="0.000131709">
        </testcase>
        <testcase classname="apps/api/src/trpc/routers/admin/__tests__/review-trending.test.ts" name="reviewTrendingRouter &gt; batchAction &gt; each item gets its own audit log entry" time="0.000095625">
        </testcase>
        <testcase classname="apps/api/src/trpc/routers/admin/__tests__/review-trending.test.ts" name="reviewTrendingRouter &gt; batchAction &gt; zod rejects queueIds array with &gt; 100 items (AC-10)" time="0.000147709">
        </testcase>
        <testcase classname="apps/api/src/trpc/routers/admin/__tests__/review-trending.test.ts" name="reviewTrendingRouter &gt; batchAction &gt; readonly_admin cannot batchAction → privilege_escalation" time="0.000381333">
        </testcase>
        <testcase classname="apps/api/src/trpc/routers/admin/__tests__/review-trending.test.ts" name="reviewTrendingRouter &gt; batchAction &gt; returns error for already-approved items in batch" time="0.000154625">
        </testcase>
        <testcase classname="apps/api/src/trpc/routers/admin/__tests__/review-trending.test.ts" name="reviewTrendingRouter &gt; batchAction &gt; returns error for not_found items in batch" time="0.000102083">
        </testcase>
        <testcase classname="apps/api/src/trpc/routers/admin/__tests__/review-trending.test.ts" name="reviewTrendingRouter &gt; batchAction &gt; returns error for already-rejected items in batch reject" time="0.000096875">
        </testcase>
        <testcase classname="apps/api/src/trpc/routers/admin/__tests__/review-trending.test.ts" name="reviewTrendingRouter &gt; configRules &gt; super_admin can update auto review rules" time="0.000150208">
        </testcase>
        <testcase classname="apps/api/src/trpc/routers/admin/__tests__/review-trending.test.ts" name="reviewTrendingRouter &gt; configRules &gt; writes audit log: auto_review_rule_update in config_change category" time="0.000108041">
        </testcase>
        <testcase classname="apps/api/src/trpc/routers/admin/__tests__/review-trending.test.ts" name="reviewTrendingRouter &gt; configRules &gt; regular admin cannot configRules → privilege_escalation" time="0.0001165">
        </testcase>
        <testcase classname="apps/api/src/trpc/routers/admin/__tests__/review-trending.test.ts" name="reviewTrendingRouter &gt; configRules &gt; readonly_admin cannot configRules → privilege_escalation" time="0.00009525">
        </testcase>
        <testcase classname="apps/api/src/trpc/routers/admin/__tests__/review-trending.test.ts" name="reviewTrendingRouter &gt; configRules &gt; privilege_escalation audit written for non-super_admin attempt" time="0.0001085">
        </testcase>
        <testcase classname="apps/api/src/trpc/routers/admin/__tests__/review-trending.test.ts" name="reviewTrendingRouter &gt; configRules &gt; upserts rule (create-or-update) using ruleType+ruleKey composite key" time="0.000088792">
        </testcase>
    </testsuite>
    <testsuite name="apps/api/src/trpc/routers/admin/__tests__/users-export.test.ts" timestamp="2026-05-15T20:54:25.101Z" hostname="returndeMacBook-Pro.local" tests="23" failures="0" errors="0" skipped="0" time="0.024567542">
        <testcase classname="apps/api/src/trpc/routers/admin/__tests__/users-export.test.ts" name="escapeCsvField &gt; returns empty string for null/undefined" time="0.000082542">
        </testcase>
        <testcase classname="apps/api/src/trpc/routers/admin/__tests__/users-export.test.ts" name="escapeCsvField &gt; returns plain string unchanged when no special chars" time="0.000031708">
        </testcase>
        <testcase classname="apps/api/src/trpc/routers/admin/__tests__/users-export.test.ts" name="escapeCsvField &gt; wraps in quotes when field contains comma" time="0.000020667">
        </testcase>
        <testcase classname="apps/api/src/trpc/routers/admin/__tests__/users-export.test.ts" name="escapeCsvField &gt; escapes double quotes and wraps" time="0.000016292">
        </testcase>
        <testcase classname="apps/api/src/trpc/routers/admin/__tests__/users-export.test.ts" name="escapeCsvField &gt; wraps in quotes when field contains newline" time="0.000015292">
        </testcase>
        <testcase classname="apps/api/src/trpc/routers/admin/__tests__/users-export.test.ts" name="escapeCsvField &gt; wraps in quotes when field contains carriage return" time="0.000015958">
        </testcase>
        <testcase classname="apps/api/src/trpc/routers/admin/__tests__/users-export.test.ts" name="escapeCsvField &gt; formats Date as ISO string" time="0.000022209">
        </testcase>
        <testcase classname="apps/api/src/trpc/routers/admin/__tests__/users-export.test.ts" name="formatUserCsvRow &gt; formats a basic row with no special chars" time="0.000043125">
        </testcase>
        <testcase classname="apps/api/src/trpc/routers/admin/__tests__/users-export.test.ts" name="formatUserCsvRow &gt; outputs 1 for banned user" time="0.000022625">
        </testcase>
        <testcase classname="apps/api/src/trpc/routers/admin/__tests__/users-export.test.ts" name="formatUserCsvRow &gt; escapes email with special chars" time="0.00002025">
        </testcase>
        <testcase classname="apps/api/src/trpc/routers/admin/__tests__/users-export.test.ts" name="formatUserCsvRow &gt; includes lastLoginAt ISO string when set" time="0.000021708">
        </testcase>
        <testcase classname="apps/api/src/trpc/routers/admin/__tests__/users-export.test.ts" name="formatUserCsvRow &gt; includes industry field" time="0.000019333">
        </testcase>
        <testcase classname="apps/api/src/trpc/routers/admin/__tests__/users-export.test.ts" name="handleExportUsersCSV &gt; returns 401 when no session cookie" time="0.002927042">
        </testcase>
        <testcase classname="apps/api/src/trpc/routers/admin/__tests__/users-export.test.ts" name="handleExportUsersCSV &gt; returns 401 when session invalid" time="0.001413292">
        </testcase>
        <testcase classname="apps/api/src/trpc/routers/admin/__tests__/users-export.test.ts" name="handleExportUsersCSV &gt; returns 400 with error message when row count &gt; 500k" time="0.002458166">
        </testcase>
        <testcase classname="apps/api/src/trpc/routers/admin/__tests__/users-export.test.ts" name="handleExportUsersCSV &gt; returns 200 with CSV content-type for empty result" time="0.000820875">
        </testcase>
        <testcase classname="apps/api/src/trpc/routers/admin/__tests__/users-export.test.ts" name="handleExportUsersCSV &gt; streams all rows in a single chunk when count &lt;= 1000" time="0.000333083">
        </testcase>
        <testcase classname="apps/api/src/trpc/routers/admin/__tests__/users-export.test.ts" name="handleExportUsersCSV &gt; iterates multiple chunks when findMany returns exactly 1000 rows" time="0.001068542">
        </testcase>
        <testcase classname="apps/api/src/trpc/routers/admin/__tests__/users-export.test.ts" name="handleExportUsersCSV &gt; writes audit log on successful export" time="0.01271325">
        </testcase>
        <testcase classname="apps/api/src/trpc/routers/admin/__tests__/users-export.test.ts" name="handleExportUsersCSV &gt; Content-Disposition header contains correct filename pattern" time="0.001380959">
        </testcase>
        <testcase classname="apps/api/src/trpc/routers/admin/__tests__/users-export.test.ts" name="handleExportUsersCSV &gt; allows readonly_admin role to export (AC-10)" time="0.000356208">
        </testcase>
        <testcase classname="apps/api/src/trpc/routers/admin/__tests__/users-export.test.ts" name="handleExportUsersCSV &gt; accepts exactly 500k rows without error (AC-7 edge)" time="0.000298083">
        </testcase>
        <testcase classname="apps/api/src/trpc/routers/admin/__tests__/users-export.test.ts" name="handleExportUsersCSV &gt; passes filter params to DB query" time="0.000328458">
        </testcase>
    </testsuite>
    <testsuite name="apps/api/src/trpc/routers/admin/__tests__/users.test.ts" timestamp="2026-05-15T20:54:25.101Z" hostname="returndeMacBook-Pro.local" tests="25" failures="0" errors="0" skipped="0" time="0.004918625">
        <testcase classname="apps/api/src/trpc/routers/admin/__tests__/users.test.ts" name="list &gt; returns users + count with defaults (AC-2)" time="0.000530333">
        </testcase>
        <testcase classname="apps/api/src/trpc/routers/admin/__tests__/users.test.ts" name="list &gt; filters by search keyword" time="0.000262958">
        </testcase>
        <testcase classname="apps/api/src/trpc/routers/admin/__tests__/users.test.ts" name="list &gt; filters by roleFilter" time="0.000145542">
        </testcase>
        <testcase classname="apps/api/src/trpc/routers/admin/__tests__/users.test.ts" name="list &gt; filters by planFilter" time="0.00012575">
        </testcase>
        <testcase classname="apps/api/src/trpc/routers/admin/__tests__/users.test.ts" name="list &gt; filters by industryFilter" time="0.000121625">
        </testcase>
        <testcase classname="apps/api/src/trpc/routers/admin/__tests__/users.test.ts" name="list &gt; uses Promise.all for users + count query (AC-2)" time="0.00013725">
        </testcase>
        <testcase classname="apps/api/src/trpc/routers/admin/__tests__/users.test.ts" name="list &gt; writes audit cross_account_query/list_users (AC-2)" time="0.000206083">
        </testcase>
        <testcase classname="apps/api/src/trpc/routers/admin/__tests__/users.test.ts" name="detail &gt; returns all 5 tabs in parallel (AC-3)" time="0.000218625">
        </testcase>
        <testcase classname="apps/api/src/trpc/routers/admin/__tests__/users.test.ts" name="detail &gt; all 5 queries called (Promise.all not serial)" time="0.000135375">
        </testcase>
        <testcase classname="apps/api/src/trpc/routers/admin/__tests__/users.test.ts" name="detail &gt; writes audit cross_account_query/view_user_detail (AC-3)" time="0.000120291">
        </testcase>
        <testcase classname="apps/api/src/trpc/routers/admin/__tests__/users.test.ts" name="changePlan &gt; super_admin auto-executes: creates approval_request + updates user + audits (AC-4)" time="0.000246958">
        </testcase>
        <testcase classname="apps/api/src/trpc/routers/admin/__tests__/users.test.ts" name="changePlan &gt; admin creates pending approval request (AC-4)" time="0.000139208">
        </testcase>
        <testcase classname="apps/api/src/trpc/routers/admin/__tests__/users.test.ts" name="changePlan &gt; throws ValidationError if already on same plan (AC-7)" time="0.000155875">
        </testcase>
        <testcase classname="apps/api/src/trpc/routers/admin/__tests__/users.test.ts" name="changePlan &gt; readonly_admin → FORBIDDEN + privilege_escalation audit (AC-9)" time="0.000146791">
        </testcase>
        <testcase classname="apps/api/src/trpc/routers/admin/__tests__/users.test.ts" name="changePlan &gt; throws NOT_FOUND if user does not exist" time="0.000110334">
        </testcase>
        <testcase classname="apps/api/src/trpc/routers/admin/__tests__/users.test.ts" name="banUser &gt; super_admin auto-executes: creates approval_request(high) + updates user.isBanned (AC-5)" time="0.000201958">
        </testcase>
        <testcase classname="apps/api/src/trpc/routers/admin/__tests__/users.test.ts" name="banUser &gt; admin creates pending approval request (AC-5)" time="0.000119291">
        </testcase>
        <testcase classname="apps/api/src/trpc/routers/admin/__tests__/users.test.ts" name="banUser &gt; throws ValidationError if already banned (AC-8)" time="0.000121541">
        </testcase>
        <testcase classname="apps/api/src/trpc/routers/admin/__tests__/users.test.ts" name="banUser &gt; readonly_admin → FORBIDDEN + privilege_escalation audit (AC-9)" time="0.000137708">
        </testcase>
        <testcase classname="apps/api/src/trpc/routers/admin/__tests__/users.test.ts" name="banUser &gt; throws NOT_FOUND if user does not exist" time="0.000118584">
        </testcase>
        <testcase classname="apps/api/src/trpc/routers/admin/__tests__/users.test.ts" name="resetPassword &gt; updates passwordHash + returns tempPassword (AC-6)" time="0.000606625">
        </testcase>
        <testcase classname="apps/api/src/trpc/routers/admin/__tests__/users.test.ts" name="resetPassword &gt; writes audit data_mutation/reset_password (AC-6)" time="0.0001975">
        </testcase>
        <testcase classname="apps/api/src/trpc/routers/admin/__tests__/users.test.ts" name="resetPassword &gt; readonly_admin → FORBIDDEN + privilege_escalation audit (AC-9)" time="0.000180375">
        </testcase>
        <testcase classname="apps/api/src/trpc/routers/admin/__tests__/users.test.ts" name="resetPassword &gt; throws NOT_FOUND if user does not exist" time="0.00013">
        </testcase>
        <testcase classname="apps/api/src/trpc/routers/admin/__tests__/users.test.ts" name="audit payload redaction (AC-11) &gt; resetPassword audit does not include raw tempPassword in payload" time="0.000171875">
        </testcase>
    </testsuite>
</testsuites>
