<?xml version="1.0" encoding="UTF-8"?>
<testsuites>
  <testsuite name="userQuota.service.test.ts" tests="5" failures="0" errors="0" skipped="0" time="0.003">
    <testcase classname="checkAndDeductQuota" name="(a) sufficient quota - deducts and returns correct remaining" time="0.001"/>
    <testcase classname="checkAndDeductQuota" name="(b) full quota - returns QUOTA_EXCEEDED" time="0.001"/>
    <testcase classname="checkAndDeductQuota" name="(c) new user row missing - auto-creates free plan then deducts" time="0.001"/>
    <testcase classname="checkAndDeductQuota" name="(d) tokens=0 - skips deduction returns ok:true" time="0.000"/>
    <testcase classname="checkAndDeductQuota" name="(e) concurrent 100 calls - final dailyUsed = sum tokens no over-deduction" time="0.001"/>
  </testsuite>
</testsuites>
